TpTrace Verbose: 0 : 3332, 1, 2022/04/03, 17:01:40.760, 1114389902054, vstest.console.dll, Version: 17.0.0
TpTrace Information: 0 : 3332, 1, 2022/04/03, 17:01:40.776, 1114390051883, vstest.console.dll, FilePatternParser: The given file C:\Users\hp\Documents\KeepingUpWithCSharp\Rest API - Catalogue\Catalogue.UnitTests\bin\Debug\net5.0\fine-code-coverage\build-output\Catalogue.UnitTests.dll is a full path.
TpTrace Verbose: 0 : 3332, 1, 2022/04/03, 17:01:40.784, 1114390128486, vstest.console.dll, TestPluginCache.DiscoverTestExtensions: finding test extensions in assemblies ends with: RuntimeProvider.dll TPluginInfo: Microsoft.VisualStudio.TestPlatform.Common.ExtensionFramework.Utilities.TestRuntimePluginInformation TExtension: Microsoft.VisualStudio.TestPlatform.ObjectModel.Host.ITestRuntimeProvider
TpTrace Verbose: 0 : 3332, 1, 2022/04/03, 17:01:40.784, 1114390133231, vstest.console.dll, TestPluginCache.GetExtensionPaths: Filtered extension paths: 
TpTrace Verbose: 0 : 3332, 1, 2022/04/03, 17:01:40.785, 1114390134121, vstest.console.dll, TestPluginCache.GetExtensionPaths: Added default extension paths: C:\Program Files\dotnet\sdk\6.0.102\Extensions\Microsoft.Diagnostics.NETCore.Client.dll
C:\Program Files\dotnet\sdk\6.0.102\Extensions\Microsoft.TestPlatform.Extensions.BlameDataCollector.dll
C:\Program Files\dotnet\sdk\6.0.102\Extensions\Microsoft.TestPlatform.Extensions.EventLogCollector.dll
C:\Program Files\dotnet\sdk\6.0.102\Extensions\Microsoft.TestPlatform.TestHostRuntimeProvider.dll
C:\Program Files\dotnet\sdk\6.0.102\Extensions\Microsoft.VisualStudio.TestPlatform.Extensions.Html.TestLogger.dll
C:\Program Files\dotnet\sdk\6.0.102\Extensions\Microsoft.VisualStudio.TestPlatform.Extensions.Trx.TestLogger.dll
TpTrace Verbose: 0 : 3332, 1, 2022/04/03, 17:01:40.785, 1114390134424, vstest.console.dll, TestPluginCache.GetExtensionPaths: Added unfilterableExtensionPaths: 
TpTrace Information: 0 : 3332, 1, 2022/04/03, 17:01:40.785, 1114390142359, vstest.console.dll, AssemblyResolver.ctor: Creating AssemblyResolver with searchDirectories C:\Program Files\dotnet\sdk\6.0.102\Extensions,C:\Program Files\dotnet\sdk\6.0.102
TpTrace Verbose: 0 : 3332, 1, 2022/04/03, 17:01:40.787, 1114390156886, vstest.console.dll, TestPluginCache.DiscoverTestExtensions: Discovering the extensions using extension path.
TpTrace Verbose: 0 : 3332, 1, 2022/04/03, 17:01:40.787, 1114390158392, vstest.console.dll, TestPluginCache.GetExtensionPaths: Filtered extension paths: 
TpTrace Verbose: 0 : 3332, 1, 2022/04/03, 17:01:40.787, 1114390158784, vstest.console.dll, TestPluginCache.GetExtensionPaths: Added default extension paths: C:\Program Files\dotnet\sdk\6.0.102\Extensions\Microsoft.Diagnostics.NETCore.Client.dll
C:\Program Files\dotnet\sdk\6.0.102\Extensions\Microsoft.TestPlatform.Extensions.BlameDataCollector.dll
C:\Program Files\dotnet\sdk\6.0.102\Extensions\Microsoft.TestPlatform.Extensions.EventLogCollector.dll
C:\Program Files\dotnet\sdk\6.0.102\Extensions\Microsoft.TestPlatform.TestHostRuntimeProvider.dll
C:\Program Files\dotnet\sdk\6.0.102\Extensions\Microsoft.VisualStudio.TestPlatform.Extensions.Html.TestLogger.dll
C:\Program Files\dotnet\sdk\6.0.102\Extensions\Microsoft.VisualStudio.TestPlatform.Extensions.Trx.TestLogger.dll
TpTrace Verbose: 0 : 3332, 1, 2022/04/03, 17:01:40.787, 1114390159085, vstest.console.dll, TestPluginCache.GetExtensionPaths: Added unfilterableExtensionPaths: 
TpTrace Verbose: 0 : 3332, 1, 2022/04/03, 17:01:40.787, 1114390159650, vstest.console.dll, TestPluginCache.DiscoverTestExtensions: Discovering the extensions using allExtensionPaths: C:\Program Files\dotnet\sdk\6.0.102\Extensions\Microsoft.Diagnostics.NETCore.Client.dll
C:\Program Files\dotnet\sdk\6.0.102\Extensions\Microsoft.TestPlatform.Extensions.BlameDataCollector.dll
C:\Program Files\dotnet\sdk\6.0.102\Extensions\Microsoft.TestPlatform.Extensions.EventLogCollector.dll
C:\Program Files\dotnet\sdk\6.0.102\Extensions\Microsoft.TestPlatform.TestHostRuntimeProvider.dll
C:\Program Files\dotnet\sdk\6.0.102\Extensions\Microsoft.VisualStudio.TestPlatform.Extensions.Html.TestLogger.dll
C:\Program Files\dotnet\sdk\6.0.102\Extensions\Microsoft.VisualStudio.TestPlatform.Extensions.Trx.TestLogger.dll
TpTrace Information: 0 : 3332, 1, 2022/04/03, 17:01:40.787, 1114390161379, vstest.console.dll, AssemblyResolver.AddSearchDirectories: Adding more searchDirectories C:\Program Files\dotnet\sdk\6.0.102\Extensions,C:\Program Files\dotnet\sdk\6.0.102
TpTrace Information: 0 : 3332, 1, 2022/04/03, 17:01:40.787, 1114390161901, vstest.console.dll, AssemblyResolver.AddSearchDirectories: Adding more searchDirectories C:\Program Files\dotnet\sdk\6.0.102\Extensions,C:\Program Files\dotnet\sdk\6.0.102
TpTrace Information: 0 : 3332, 1, 2022/04/03, 17:01:40.787, 1114390162183, vstest.console.dll, AssemblyResolver.AddSearchDirectories: Adding more searchDirectories C:\Program Files\dotnet\sdk\6.0.102\Extensions,C:\Program Files\dotnet\sdk\6.0.102
TpTrace Information: 0 : 3332, 1, 2022/04/03, 17:01:40.787, 1114390162402, vstest.console.dll, AssemblyResolver.AddSearchDirectories: Adding more searchDirectories C:\Program Files\dotnet\sdk\6.0.102\Extensions,C:\Program Files\dotnet\sdk\6.0.102
TpTrace Information: 0 : 3332, 1, 2022/04/03, 17:01:40.787, 1114390162607, vstest.console.dll, AssemblyResolver.AddSearchDirectories: Adding more searchDirectories C:\Program Files\dotnet\sdk\6.0.102\Extensions,C:\Program Files\dotnet\sdk\6.0.102
TpTrace Information: 0 : 3332, 1, 2022/04/03, 17:01:40.787, 1114390162829, vstest.console.dll, AssemblyResolver.AddSearchDirectories: Adding more searchDirectories C:\Program Files\dotnet\sdk\6.0.102\Extensions,C:\Program Files\dotnet\sdk\6.0.102
TpTrace Information: 0 : 3332, 1, 2022/04/03, 17:01:40.788, 1114390166294, vstest.console.dll, AssemblyResolver.OnResolve: Microsoft.Diagnostics.NETCore.Client: Resolving assembly.
TpTrace Information: 0 : 3332, 1, 2022/04/03, 17:01:40.788, 1114390166906, vstest.console.dll, AssemblyResolver.OnResolve: Microsoft.Diagnostics.NETCore.Client: Searching in: 'C:\Program Files\dotnet\sdk\6.0.102\Extensions'.
TpTrace Information: 0 : 3332, 1, 2022/04/03, 17:01:40.788, 1114390172916, vstest.console.dll, AssemblyResolver.OnResolve: Microsoft.Diagnostics.NETCore.Client: Loading assembly 'C:\Program Files\dotnet\sdk\6.0.102\Extensions\Microsoft.Diagnostics.NETCore.Client.dll'.
TpTrace Information: 0 : 3332, 1, 2022/04/03, 17:01:40.789, 1114390180633, vstest.console.dll, AssemblyResolver.OnResolve: Resolved assembly: Microsoft.Diagnostics.NETCore.Client, from path: C:\Program Files\dotnet\sdk\6.0.102\Extensions\Microsoft.Diagnostics.NETCore.Client.dll
TpTrace Information: 0 : 3332, 1, 2022/04/03, 17:01:40.798, 1114390265496, vstest.console.dll, AssemblyResolver.OnResolve: Microsoft.Bcl.AsyncInterfaces: Resolving assembly.
TpTrace Information: 0 : 3332, 1, 2022/04/03, 17:01:40.798, 1114390266440, vstest.console.dll, AssemblyResolver.OnResolve: Microsoft.Bcl.AsyncInterfaces: Searching in: 'C:\Program Files\dotnet\sdk\6.0.102\Extensions'.
TpTrace Information: 0 : 3332, 1, 2022/04/03, 17:01:40.798, 1114390267325, vstest.console.dll, AssemblyResolver.OnResolve: Microsoft.Bcl.AsyncInterfaces: Assembly path does not exist: 'C:\Program Files\dotnet\sdk\6.0.102\Extensions\Microsoft.Bcl.AsyncInterfaces.dll', returning.
TpTrace Information: 0 : 3332, 1, 2022/04/03, 17:01:40.798, 1114390267759, vstest.console.dll, AssemblyResolver.OnResolve: Microsoft.Bcl.AsyncInterfaces: Assembly path does not exist: 'C:\Program Files\dotnet\sdk\6.0.102\Extensions\Microsoft.Bcl.AsyncInterfaces.exe', returning.
TpTrace Information: 0 : 3332, 1, 2022/04/03, 17:01:40.798, 1114390268037, vstest.console.dll, AssemblyResolver.OnResolve: Microsoft.Bcl.AsyncInterfaces: Searching in: 'C:\Program Files\dotnet\sdk\6.0.102'.
TpTrace Information: 0 : 3332, 1, 2022/04/03, 17:01:40.798, 1114390268457, vstest.console.dll, AssemblyResolver.OnResolve: Microsoft.Bcl.AsyncInterfaces: Assembly path does not exist: 'C:\Program Files\dotnet\sdk\6.0.102\Microsoft.Bcl.AsyncInterfaces.dll', returning.
TpTrace Information: 0 : 3332, 1, 2022/04/03, 17:01:40.798, 1114390268863, vstest.console.dll, AssemblyResolver.OnResolve: Microsoft.Bcl.AsyncInterfaces: Assembly path does not exist: 'C:\Program Files\dotnet\sdk\6.0.102\Microsoft.Bcl.AsyncInterfaces.exe', returning.
TpTrace Information: 0 : 3332, 1, 2022/04/03, 17:01:40.798, 1114390269538, vstest.console.dll, AssemblyResolver.OnResolve: Microsoft.Bcl.AsyncInterfaces: Failed to load assembly.
TpTrace Verbose: 0 : 3332, 1, 2022/04/03, 17:01:40.798, 1114390269996, vstest.console.dll, CurrentDomainAssemblyResolve: Resolving assembly 'Microsoft.Bcl.AsyncInterfaces'.
TpTrace Information: 0 : 3332, 1, 2022/04/03, 17:01:40.798, 1114390270692, vstest.console.dll, AssemblyResolver.OnResolve: Microsoft.Bcl.AsyncInterfaces: Resolving assembly.
TpTrace Information: 0 : 3332, 1, 2022/04/03, 17:01:40.798, 1114390271032, vstest.console.dll, AssemblyResolver.OnResolve: Microsoft.Bcl.AsyncInterfaces: Resolved from cache.
TpTrace Verbose: 0 : 3332, 1, 2022/04/03, 17:01:40.798, 1114390271269, vstest.console.dll, CurrentDomainAssemblyResolve: Resolving assembly 'Microsoft.Bcl.AsyncInterfaces'.
TpTrace Verbose: 0 : 3332, 1, 2022/04/03, 17:01:40.798, 1114390271781, vstest.console.dll, CurrentDomainAssemblyResolve: Failed to resolve assembly 'Microsoft.Bcl.AsyncInterfaces'.
TpTrace Verbose: 0 : 3332, 1, 2022/04/03, 17:01:40.799, 1114390276905, vstest.console.dll, CurrentDomainAssemblyResolve: Failed to resolve assembly 'Microsoft.Bcl.AsyncInterfaces'.
TpTrace Warning: 0 : 3332, 1, 2022/04/03, 17:01:40.817, 1114390458913, vstest.console.dll, TestPluginDiscoverer: Failed to get types from assembly 'Microsoft.Diagnostics.NETCore.Client, Version=0.2.4.21401, Culture=neutral, PublicKeyToken=31bf3856ad364e35'.  Skipping test extension scan for this assembly.  Error: System.Reflection.ReflectionTypeLoadException: Unable to load one or more of the requested types.
Could not load file or assembly 'Microsoft.Bcl.AsyncInterfaces, Version=1.0.0.0, Culture=neutral, PublicKeyToken=cc7b13ffcd2ddd51'. The system cannot find the file specified.
   at System.Reflection.RuntimeModule.GetTypes(RuntimeModule module)
   at System.Reflection.Assembly.GetTypes()
   at Microsoft.VisualStudio.TestPlatform.Common.ExtensionFramework.TestPluginDiscoverer.GetTestExtensionsFromAssembly[TPluginInfo,TExtension](Assembly assembly, Dictionary`2 pluginInfos)
System.IO.FileNotFoundException: Could not load file or assembly 'Microsoft.Bcl.AsyncInterfaces, Version=1.0.0.0, Culture=neutral, PublicKeyToken=cc7b13ffcd2ddd51'. The system cannot find the file specified.
File name: 'Microsoft.Bcl.AsyncInterfaces, Version=1.0.0.0, Culture=neutral, PublicKeyToken=cc7b13ffcd2ddd51'
 ---> System.IO.FileNotFoundException: Could not load file or assembly 'Microsoft.Bcl.AsyncInterfaces, Culture=neutral, PublicKeyToken=null'. The system cannot find the file specified.
File name: 'Microsoft.Bcl.AsyncInterfaces, Culture=neutral, PublicKeyToken=null'
   at System.Reflection.RuntimeAssembly.InternalLoad(ObjectHandleOnStack assemblyName, ObjectHandleOnStack requestingAssembly, StackCrawlMarkHandle stackMark, Boolean throwOnFileNotFound, ObjectHandleOnStack assemblyLoadContext, ObjectHandleOnStack retAssembly)
   at System.Reflection.RuntimeAssembly.InternalLoad(AssemblyName assemblyName, RuntimeAssembly requestingAssembly, StackCrawlMark& stackMark, Boolean throwOnFileNotFound, AssemblyLoadContext assemblyLoadContext)
   at System.Reflection.Assembly.Load(AssemblyName assemblyRef)
   at Microsoft.VisualStudio.TestPlatform.Common.ExtensionFramework.TestPluginCache.CurrentDomainAssemblyResolve(Object sender, AssemblyResolveEventArgs args)
   at Microsoft.VisualStudio.TestPlatform.PlatformAbstractions.PlatformAssemblyResolver.AssemblyResolverEvent(Object sender, Object eventArgs)
   at System.Runtime.Loader.AssemblyLoadContext.GetFirstResolvedAssemblyFromResolvingEvent(AssemblyName assemblyName)
   at System.Runtime.Loader.AssemblyLoadContext.ResolveUsingEvent(AssemblyName assemblyName)
   at System.Runtime.Loader.AssemblyLoadContext.ResolveUsingResolvingEvent(IntPtr gchManagedAssemblyLoadContext, AssemblyName assemblyName)
TpTrace Warning: 0 : 3332, 1, 2022/04/03, 17:01:40.817, 1114390460604, vstest.console.dll, LoaderExceptions: System.IO.FileNotFoundException: Could not load file or assembly 'Microsoft.Bcl.AsyncInterfaces, Version=1.0.0.0, Culture=neutral, PublicKeyToken=cc7b13ffcd2ddd51'. The system cannot find the file specified.
File name: 'Microsoft.Bcl.AsyncInterfaces, Version=1.0.0.0, Culture=neutral, PublicKeyToken=cc7b13ffcd2ddd51'
 ---> System.IO.FileNotFoundException: Could not load file or assembly 'Microsoft.Bcl.AsyncInterfaces, Culture=neutral, PublicKeyToken=null'. The system cannot find the file specified.
File name: 'Microsoft.Bcl.AsyncInterfaces, Culture=neutral, PublicKeyToken=null'
   at System.Reflection.RuntimeAssembly.InternalLoad(ObjectHandleOnStack assemblyName, ObjectHandleOnStack requestingAssembly, StackCrawlMarkHandle stackMark, Boolean throwOnFileNotFound, ObjectHandleOnStack assemblyLoadContext, ObjectHandleOnStack retAssembly)
   at System.Reflection.RuntimeAssembly.InternalLoad(AssemblyName assemblyName, RuntimeAssembly requestingAssembly, StackCrawlMark& stackMark, Boolean throwOnFileNotFound, AssemblyLoadContext assemblyLoadContext)
   at System.Reflection.Assembly.Load(AssemblyName assemblyRef)
   at Microsoft.VisualStudio.TestPlatform.Common.ExtensionFramework.TestPluginCache.CurrentDomainAssemblyResolve(Object sender, AssemblyResolveEventArgs args)
   at Microsoft.VisualStudio.TestPlatform.PlatformAbstractions.PlatformAssemblyResolver.AssemblyResolverEvent(Object sender, Object eventArgs)
   at System.Runtime.Loader.AssemblyLoadContext.GetFirstResolvedAssemblyFromResolvingEvent(AssemblyName assemblyName)
   at System.Runtime.Loader.AssemblyLoadContext.ResolveUsingEvent(AssemblyName assemblyName)
   at System.Runtime.Loader.AssemblyLoadContext.ResolveUsingResolvingEvent(IntPtr gchManagedAssemblyLoadContext, AssemblyName assemblyName)
TpTrace Information: 0 : 3332, 1, 2022/04/03, 17:01:40.817, 1114390461535, vstest.console.dll, AssemblyResolver.OnResolve: Microsoft.TestPlatform.Extensions.BlameDataCollector: Resolving assembly.
TpTrace Information: 0 : 3332, 1, 2022/04/03, 17:01:40.817, 1114390461999, vstest.console.dll, AssemblyResolver.OnResolve: Microsoft.TestPlatform.Extensions.BlameDataCollector: Searching in: 'C:\Program Files\dotnet\sdk\6.0.102\Extensions'.
TpTrace Information: 0 : 3332, 1, 2022/04/03, 17:01:40.818, 1114390466873, vstest.console.dll, AssemblyResolver.OnResolve: Microsoft.TestPlatform.Extensions.BlameDataCollector: Loading assembly 'C:\Program Files\dotnet\sdk\6.0.102\Extensions\Microsoft.TestPlatform.Extensions.BlameDataCollector.dll'.
TpTrace Information: 0 : 3332, 1, 2022/04/03, 17:01:40.819, 1114390474590, vstest.console.dll, AssemblyResolver.OnResolve: Resolved assembly: Microsoft.TestPlatform.Extensions.BlameDataCollector, from path: C:\Program Files\dotnet\sdk\6.0.102\Extensions\Microsoft.TestPlatform.Extensions.BlameDataCollector.dll
TpTrace Information: 0 : 3332, 1, 2022/04/03, 17:01:40.819, 1114390481070, vstest.console.dll, AssemblyResolver.OnResolve: Microsoft.TestPlatform.Extensions.EventLogCollector: Resolving assembly.
TpTrace Information: 0 : 3332, 1, 2022/04/03, 17:01:40.819, 1114390481628, vstest.console.dll, AssemblyResolver.OnResolve: Microsoft.TestPlatform.Extensions.EventLogCollector: Searching in: 'C:\Program Files\dotnet\sdk\6.0.102\Extensions'.
TpTrace Information: 0 : 3332, 1, 2022/04/03, 17:01:40.820, 1114390488178, vstest.console.dll, AssemblyResolver.OnResolve: Microsoft.TestPlatform.Extensions.EventLogCollector: Loading assembly 'C:\Program Files\dotnet\sdk\6.0.102\Extensions\Microsoft.TestPlatform.Extensions.EventLogCollector.dll'.
TpTrace Information: 0 : 3332, 1, 2022/04/03, 17:01:40.821, 1114390493802, vstest.console.dll, AssemblyResolver.OnResolve: Resolved assembly: Microsoft.TestPlatform.Extensions.EventLogCollector, from path: C:\Program Files\dotnet\sdk\6.0.102\Extensions\Microsoft.TestPlatform.Extensions.EventLogCollector.dll
TpTrace Information: 0 : 3332, 1, 2022/04/03, 17:01:40.822, 1114390512439, vstest.console.dll, AssemblyResolver.OnResolve: Microsoft.TestPlatform.TestHostRuntimeProvider: Resolving assembly.
TpTrace Information: 0 : 3332, 1, 2022/04/03, 17:01:40.822, 1114390513357, vstest.console.dll, AssemblyResolver.OnResolve: Microsoft.TestPlatform.TestHostRuntimeProvider: Searching in: 'C:\Program Files\dotnet\sdk\6.0.102\Extensions'.
TpTrace Information: 0 : 3332, 1, 2022/04/03, 17:01:40.823, 1114390516319, vstest.console.dll, AssemblyResolver.OnResolve: Microsoft.TestPlatform.TestHostRuntimeProvider: Loading assembly 'C:\Program Files\dotnet\sdk\6.0.102\Extensions\Microsoft.TestPlatform.TestHostRuntimeProvider.dll'.
TpTrace Information: 0 : 3332, 1, 2022/04/03, 17:01:40.823, 1114390521246, vstest.console.dll, AssemblyResolver.OnResolve: Resolved assembly: Microsoft.TestPlatform.TestHostRuntimeProvider, from path: C:\Program Files\dotnet\sdk\6.0.102\Extensions\Microsoft.TestPlatform.TestHostRuntimeProvider.dll
TpTrace Information: 0 : 3332, 1, 2022/04/03, 17:01:40.825, 1114390535855, vstest.console.dll, AssemblyResolver.OnResolve: Microsoft.VisualStudio.TestPlatform.Extensions.Html.TestLogger: Resolving assembly.
TpTrace Information: 0 : 3332, 1, 2022/04/03, 17:01:40.825, 1114390537061, vstest.console.dll, AssemblyResolver.OnResolve: Microsoft.VisualStudio.TestPlatform.Extensions.Html.TestLogger: Searching in: 'C:\Program Files\dotnet\sdk\6.0.102\Extensions'.
TpTrace Information: 0 : 3332, 1, 2022/04/03, 17:01:40.825, 1114390543592, vstest.console.dll, AssemblyResolver.OnResolve: Microsoft.VisualStudio.TestPlatform.Extensions.Html.TestLogger: Loading assembly 'C:\Program Files\dotnet\sdk\6.0.102\Extensions\Microsoft.VisualStudio.TestPlatform.Extensions.Html.TestLogger.dll'.
TpTrace Information: 0 : 3332, 1, 2022/04/03, 17:01:40.826, 1114390551786, vstest.console.dll, AssemblyResolver.OnResolve: Resolved assembly: Microsoft.VisualStudio.TestPlatform.Extensions.Html.TestLogger, from path: C:\Program Files\dotnet\sdk\6.0.102\Extensions\Microsoft.VisualStudio.TestPlatform.Extensions.Html.TestLogger.dll
TpTrace Information: 0 : 3332, 1, 2022/04/03, 17:01:40.827, 1114390555662, vstest.console.dll, AssemblyResolver.OnResolve: Microsoft.VisualStudio.TestPlatform.Extensions.Trx.TestLogger: Resolving assembly.
TpTrace Information: 0 : 3332, 1, 2022/04/03, 17:01:40.827, 1114390556076, vstest.console.dll, AssemblyResolver.OnResolve: Microsoft.VisualStudio.TestPlatform.Extensions.Trx.TestLogger: Searching in: 'C:\Program Files\dotnet\sdk\6.0.102\Extensions'.
TpTrace Information: 0 : 3332, 1, 2022/04/03, 17:01:40.827, 1114390561648, vstest.console.dll, AssemblyResolver.OnResolve: Microsoft.VisualStudio.TestPlatform.Extensions.Trx.TestLogger: Loading assembly 'C:\Program Files\dotnet\sdk\6.0.102\Extensions\Microsoft.VisualStudio.TestPlatform.Extensions.Trx.TestLogger.dll'.
TpTrace Information: 0 : 3332, 1, 2022/04/03, 17:01:40.828, 1114390568366, vstest.console.dll, AssemblyResolver.OnResolve: Resolved assembly: Microsoft.VisualStudio.TestPlatform.Extensions.Trx.TestLogger, from path: C:\Program Files\dotnet\sdk\6.0.102\Extensions\Microsoft.VisualStudio.TestPlatform.Extensions.Trx.TestLogger.dll
TpTrace Verbose: 0 : 3332, 1, 2022/04/03, 17:01:40.828, 1114390573400, vstest.console.dll, TestPluginCache: Discovered the extensions using extension path ''.
TpTrace Verbose: 0 : 3332, 1, 2022/04/03, 17:01:40.829, 1114390573943, vstest.console.dll, TestPluginCache: Discoverers are ''.
TpTrace Verbose: 0 : 3332, 1, 2022/04/03, 17:01:40.829, 1114390574146, vstest.console.dll, TestPluginCache: Executors are ''.
TpTrace Verbose: 0 : 3332, 1, 2022/04/03, 17:01:40.829, 1114390574325, vstest.console.dll, TestPluginCache: Executors2 are ''.
TpTrace Verbose: 0 : 3332, 1, 2022/04/03, 17:01:40.829, 1114390574499, vstest.console.dll, TestPluginCache: Setting providers are ''.
TpTrace Verbose: 0 : 3332, 1, 2022/04/03, 17:01:40.829, 1114390574677, vstest.console.dll, TestPluginCache: Loggers are ''.
TpTrace Information: 0 : 3332, 1, 2022/04/03, 17:01:40.833, 1114390618254, vstest.console.dll, RunTestsArgumentProcessor:Execute: Test run is starting.
TpTrace Verbose: 0 : 3332, 1, 2022/04/03, 17:01:40.833, 1114390619730, vstest.console.dll, RunTestsArgumentProcessor:Execute: Queuing Test run.
TpTrace Information: 0 : 3332, 1, 2022/04/03, 17:01:40.833, 1114390622354, vstest.console.dll, TestRequestManager.RunTests: run tests started.
TpTrace Information: 0 : 3332, 1, 2022/04/03, 17:01:40.837, 1114390658925, vstest.console.dll, AssemblyMetadataProvider.GetFrameWork: Determined framework:'.NETCoreApp,Version=v5.0' for source: 'C:\Users\hp\Documents\KeepingUpWithCSharp\Rest API - Catalogue\Catalogue.UnitTests\bin\Debug\net5.0\fine-code-coverage\build-output\Catalogue.UnitTests.dll'
TpTrace Information: 0 : 3332, 1, 2022/04/03, 17:01:40.837, 1114390660328, vstest.console.dll, Determined framework for all sources: .NETCoreApp,Version=v5.0
TpTrace Information: 0 : 3332, 1, 2022/04/03, 17:01:40.838, 1114390664085, vstest.console.dll, AssemblyMetadataProvider.GetArchitecture: Determined architecture:AnyCPU info for assembly: C:\Users\hp\Documents\KeepingUpWithCSharp\Rest API - Catalogue\Catalogue.UnitTests\bin\Debug\net5.0\fine-code-coverage\build-output\Catalogue.UnitTests.dll
TpTrace Information: 0 : 3332, 1, 2022/04/03, 17:01:40.839, 1114390680393, vstest.console.dll, Determined platform for all sources: X64
TpTrace Information: 0 : 3332, 1, 2022/04/03, 17:01:40.842, 1114390707989, vstest.console.dll, Compatible sources list : 
TpTrace Information: 0 : 3332, 1, 2022/04/03, 17:01:40.842, 1114390709259, vstest.console.dll, C:\Users\hp\Documents\KeepingUpWithCSharp\Rest API - Catalogue\Catalogue.UnitTests\bin\Debug\net5.0\fine-code-coverage\build-output\Catalogue.UnitTests.dll
TpTrace Information: 0 : 3332, 1, 2022/04/03, 17:01:40.845, 1114390740710, vstest.console.dll, InferRunSettingsHelper.IsTestSettingsEnabled: Unable to navigate to RunSettings/MSTest. Current node: RunSettings
TpTrace Information: 0 : 3332, 1, 2022/04/03, 17:01:40.846, 1114390747085, vstest.console.dll, AssemblyResolver.OnResolve: Microsoft.VisualStudio.TestPlatform.Fakes: Resolving assembly.
TpTrace Information: 0 : 3332, 1, 2022/04/03, 17:01:40.846, 1114390747646, vstest.console.dll, AssemblyResolver.OnResolve: Microsoft.VisualStudio.TestPlatform.Fakes: Searching in: 'C:\Program Files\dotnet\sdk\6.0.102\Extensions'.
TpTrace Information: 0 : 3332, 1, 2022/04/03, 17:01:40.846, 1114390748499, vstest.console.dll, AssemblyResolver.OnResolve: Microsoft.VisualStudio.TestPlatform.Fakes: Assembly path does not exist: 'C:\Program Files\dotnet\sdk\6.0.102\Extensions\Microsoft.VisualStudio.TestPlatform.Fakes.dll', returning.
TpTrace Information: 0 : 3332, 1, 2022/04/03, 17:01:40.846, 1114390749019, vstest.console.dll, AssemblyResolver.OnResolve: Microsoft.VisualStudio.TestPlatform.Fakes: Assembly path does not exist: 'C:\Program Files\dotnet\sdk\6.0.102\Extensions\Microsoft.VisualStudio.TestPlatform.Fakes.exe', returning.
TpTrace Information: 0 : 3332, 1, 2022/04/03, 17:01:40.846, 1114390749235, vstest.console.dll, AssemblyResolver.OnResolve: Microsoft.VisualStudio.TestPlatform.Fakes: Searching in: 'C:\Program Files\dotnet\sdk\6.0.102'.
TpTrace Information: 0 : 3332, 1, 2022/04/03, 17:01:40.846, 1114390749673, vstest.console.dll, AssemblyResolver.OnResolve: Microsoft.VisualStudio.TestPlatform.Fakes: Assembly path does not exist: 'C:\Program Files\dotnet\sdk\6.0.102\Microsoft.VisualStudio.TestPlatform.Fakes.dll', returning.
TpTrace Information: 0 : 3332, 1, 2022/04/03, 17:01:40.846, 1114390750069, vstest.console.dll, AssemblyResolver.OnResolve: Microsoft.VisualStudio.TestPlatform.Fakes: Assembly path does not exist: 'C:\Program Files\dotnet\sdk\6.0.102\Microsoft.VisualStudio.TestPlatform.Fakes.exe', returning.
TpTrace Information: 0 : 3332, 1, 2022/04/03, 17:01:40.846, 1114390750368, vstest.console.dll, AssemblyResolver.OnResolve: Microsoft.VisualStudio.TestPlatform.Fakes: Failed to load assembly.
TpTrace Information: 0 : 3332, 1, 2022/04/03, 17:01:40.846, 1114390752831, vstest.console.dll, Failed to load assembly Microsoft.VisualStudio.TestPlatform.Fakes, Version=17.0.0.0, Culture=neutral. Reason:System.IO.FileNotFoundException: Could not load file or assembly 'Microsoft.VisualStudio.TestPlatform.Fakes, Version=17.0.0.0, Culture=neutral, PublicKeyToken=null'. The system cannot find the file specified.
File name: 'Microsoft.VisualStudio.TestPlatform.Fakes, Version=17.0.0.0, Culture=neutral, PublicKeyToken=null'
   at System.Reflection.RuntimeAssembly.InternalLoad(ObjectHandleOnStack assemblyName, ObjectHandleOnStack requestingAssembly, StackCrawlMarkHandle stackMark, Boolean throwOnFileNotFound, ObjectHandleOnStack assemblyLoadContext, ObjectHandleOnStack retAssembly)
   at System.Reflection.RuntimeAssembly.InternalLoad(AssemblyName assemblyName, RuntimeAssembly requestingAssembly, StackCrawlMark& stackMark, Boolean throwOnFileNotFound, AssemblyLoadContext assemblyLoadContext)
   at System.Reflection.Assembly.Load(AssemblyName assemblyRef)
   at Microsoft.VisualStudio.TestPlatform.Common.Utilities.FakesUtilities.LoadTestPlatformAssembly()
TpTrace Verbose: 0 : 3332, 1, 2022/04/03, 17:01:40.850, 1114390786874, vstest.console.dll, TestPluginCache.DiscoverTestExtensions: finding test extensions in assemblies ends with: TestLogger.dll TPluginInfo: Microsoft.VisualStudio.TestPlatform.Common.ExtensionFramework.Utilities.TestLoggerPluginInformation TExtension: Microsoft.VisualStudio.TestPlatform.ObjectModel.Client.ITestLogger
TpTrace Verbose: 0 : 3332, 1, 2022/04/03, 17:01:40.850, 1114390787745, vstest.console.dll, TestPluginCache.GetExtensionPaths: Filtered extension paths: 
TpTrace Verbose: 0 : 3332, 1, 2022/04/03, 17:01:40.850, 1114390787984, vstest.console.dll, TestPluginCache.GetExtensionPaths: Added default extension paths: C:\Program Files\dotnet\sdk\6.0.102\Extensions\Microsoft.Diagnostics.NETCore.Client.dll
C:\Program Files\dotnet\sdk\6.0.102\Extensions\Microsoft.TestPlatform.Extensions.BlameDataCollector.dll
C:\Program Files\dotnet\sdk\6.0.102\Extensions\Microsoft.TestPlatform.Extensions.EventLogCollector.dll
C:\Program Files\dotnet\sdk\6.0.102\Extensions\Microsoft.TestPlatform.TestHostRuntimeProvider.dll
C:\Program Files\dotnet\sdk\6.0.102\Extensions\Microsoft.VisualStudio.TestPlatform.Extensions.Html.TestLogger.dll
C:\Program Files\dotnet\sdk\6.0.102\Extensions\Microsoft.VisualStudio.TestPlatform.Extensions.Trx.TestLogger.dll
TpTrace Verbose: 0 : 3332, 1, 2022/04/03, 17:01:40.850, 1114390788243, vstest.console.dll, TestPluginCache.GetExtensionPaths: Added unfilterableExtensionPaths: 
TpTrace Information: 0 : 3332, 1, 2022/04/03, 17:01:40.850, 1114390789634, vstest.console.dll, AssemblyResolver.AddSearchDirectories: Adding more searchDirectories C:\Program Files\dotnet\sdk\6.0.102\Extensions,C:\Program Files\dotnet\sdk\6.0.102
TpTrace Verbose: 0 : 3332, 1, 2022/04/03, 17:01:40.850, 1114390789989, vstest.console.dll, TestPluginCache.DiscoverTestExtensions: Discovering the extensions using extension path.
TpTrace Verbose: 0 : 3332, 1, 2022/04/03, 17:01:40.850, 1114390790290, vstest.console.dll, TestPluginCache.GetExtensionPaths: Filtered extension paths: 
TpTrace Verbose: 0 : 3332, 1, 2022/04/03, 17:01:40.850, 1114390790472, vstest.console.dll, TestPluginCache.GetExtensionPaths: Added default extension paths: C:\Program Files\dotnet\sdk\6.0.102\Extensions\Microsoft.Diagnostics.NETCore.Client.dll
C:\Program Files\dotnet\sdk\6.0.102\Extensions\Microsoft.TestPlatform.Extensions.BlameDataCollector.dll
C:\Program Files\dotnet\sdk\6.0.102\Extensions\Microsoft.TestPlatform.Extensions.EventLogCollector.dll
C:\Program Files\dotnet\sdk\6.0.102\Extensions\Microsoft.TestPlatform.TestHostRuntimeProvider.dll
C:\Program Files\dotnet\sdk\6.0.102\Extensions\Microsoft.VisualStudio.TestPlatform.Extensions.Html.TestLogger.dll
C:\Program Files\dotnet\sdk\6.0.102\Extensions\Microsoft.VisualStudio.TestPlatform.Extensions.Trx.TestLogger.dll
TpTrace Verbose: 0 : 3332, 1, 2022/04/03, 17:01:40.850, 1114390790738, vstest.console.dll, TestPluginCache.GetExtensionPaths: Added unfilterableExtensionPaths: 
TpTrace Verbose: 0 : 3332, 1, 2022/04/03, 17:01:40.850, 1114390790926, vstest.console.dll, TestPluginCache.DiscoverTestExtensions: Discovering the extensions using allExtensionPaths: C:\Program Files\dotnet\sdk\6.0.102\Extensions\Microsoft.Diagnostics.NETCore.Client.dll
C:\Program Files\dotnet\sdk\6.0.102\Extensions\Microsoft.TestPlatform.Extensions.BlameDataCollector.dll
C:\Program Files\dotnet\sdk\6.0.102\Extensions\Microsoft.TestPlatform.Extensions.EventLogCollector.dll
C:\Program Files\dotnet\sdk\6.0.102\Extensions\Microsoft.TestPlatform.TestHostRuntimeProvider.dll
C:\Program Files\dotnet\sdk\6.0.102\Extensions\Microsoft.VisualStudio.TestPlatform.Extensions.Html.TestLogger.dll
C:\Program Files\dotnet\sdk\6.0.102\Extensions\Microsoft.VisualStudio.TestPlatform.Extensions.Trx.TestLogger.dll
TpTrace Information: 0 : 3332, 1, 2022/04/03, 17:01:40.850, 1114390791283, vstest.console.dll, AssemblyResolver.AddSearchDirectories: Adding more searchDirectories C:\Program Files\dotnet\sdk\6.0.102\Extensions,C:\Program Files\dotnet\sdk\6.0.102
TpTrace Information: 0 : 3332, 1, 2022/04/03, 17:01:40.850, 1114390791499, vstest.console.dll, AssemblyResolver.AddSearchDirectories: Adding more searchDirectories C:\Program Files\dotnet\sdk\6.0.102\Extensions,C:\Program Files\dotnet\sdk\6.0.102
TpTrace Information: 0 : 3332, 1, 2022/04/03, 17:01:40.850, 1114390791676, vstest.console.dll, AssemblyResolver.AddSearchDirectories: Adding more searchDirectories C:\Program Files\dotnet\sdk\6.0.102\Extensions,C:\Program Files\dotnet\sdk\6.0.102
TpTrace Information: 0 : 3332, 1, 2022/04/03, 17:01:40.850, 1114390791879, vstest.console.dll, AssemblyResolver.AddSearchDirectories: Adding more searchDirectories C:\Program Files\dotnet\sdk\6.0.102\Extensions,C:\Program Files\dotnet\sdk\6.0.102
TpTrace Information: 0 : 3332, 1, 2022/04/03, 17:01:40.850, 1114390792053, vstest.console.dll, AssemblyResolver.AddSearchDirectories: Adding more searchDirectories C:\Program Files\dotnet\sdk\6.0.102\Extensions,C:\Program Files\dotnet\sdk\6.0.102
TpTrace Information: 0 : 3332, 1, 2022/04/03, 17:01:40.850, 1114390792223, vstest.console.dll, AssemblyResolver.AddSearchDirectories: Adding more searchDirectories C:\Program Files\dotnet\sdk\6.0.102\Extensions,C:\Program Files\dotnet\sdk\6.0.102
TpTrace Information: 0 : 3332, 1, 2022/04/03, 17:01:40.851, 1114390794251, vstest.console.dll, AssemblyResolver.OnResolve: Microsoft.Bcl.AsyncInterfaces: Resolving assembly.
TpTrace Information: 0 : 3332, 1, 2022/04/03, 17:01:40.851, 1114390794590, vstest.console.dll, AssemblyResolver.OnResolve: Microsoft.Bcl.AsyncInterfaces: Resolved from cache.
TpTrace Verbose: 0 : 3332, 1, 2022/04/03, 17:01:40.851, 1114390794833, vstest.console.dll, CurrentDomainAssemblyResolve: Resolving assembly 'Microsoft.Bcl.AsyncInterfaces'.
TpTrace Information: 0 : 3332, 1, 2022/04/03, 17:01:40.851, 1114390795140, vstest.console.dll, AssemblyResolver.OnResolve: Microsoft.Bcl.AsyncInterfaces: Resolving assembly.
TpTrace Information: 0 : 3332, 1, 2022/04/03, 17:01:40.851, 1114390795389, vstest.console.dll, AssemblyResolver.OnResolve: Microsoft.Bcl.AsyncInterfaces: Resolved from cache.
TpTrace Verbose: 0 : 3332, 1, 2022/04/03, 17:01:40.851, 1114390795575, vstest.console.dll, CurrentDomainAssemblyResolve: Resolving assembly 'Microsoft.Bcl.AsyncInterfaces'.
TpTrace Verbose: 0 : 3332, 1, 2022/04/03, 17:01:40.851, 1114390795754, vstest.console.dll, CurrentDomainAssemblyResolve: Failed to resolve assembly 'Microsoft.Bcl.AsyncInterfaces'.
TpTrace Verbose: 0 : 3332, 1, 2022/04/03, 17:01:40.851, 1114390796956, vstest.console.dll, CurrentDomainAssemblyResolve: Failed to resolve assembly 'Microsoft.Bcl.AsyncInterfaces'.
TpTrace Warning: 0 : 3332, 1, 2022/04/03, 17:01:40.851, 1114390800229, vstest.console.dll, TestPluginDiscoverer: Failed to get types from assembly 'Microsoft.Diagnostics.NETCore.Client, Version=0.2.4.21401, Culture=neutral, PublicKeyToken=31bf3856ad364e35'.  Skipping test extension scan for this assembly.  Error: System.Reflection.ReflectionTypeLoadException: Unable to load one or more of the requested types.
Could not load file or assembly 'Microsoft.Bcl.AsyncInterfaces, Version=1.0.0.0, Culture=neutral, PublicKeyToken=cc7b13ffcd2ddd51'. The system cannot find the file specified.
   at System.Reflection.RuntimeModule.GetTypes(RuntimeModule module)
   at System.Reflection.Assembly.GetTypes()
   at Microsoft.VisualStudio.TestPlatform.Common.ExtensionFramework.TestPluginDiscoverer.GetTestExtensionsFromAssembly[TPluginInfo,TExtension](Assembly assembly, Dictionary`2 pluginInfos)
System.IO.FileNotFoundException: Could not load file or assembly 'Microsoft.Bcl.AsyncInterfaces, Version=1.0.0.0, Culture=neutral, PublicKeyToken=cc7b13ffcd2ddd51'. The system cannot find the file specified.
File name: 'Microsoft.Bcl.AsyncInterfaces, Version=1.0.0.0, Culture=neutral, PublicKeyToken=cc7b13ffcd2ddd51'
 ---> System.IO.FileNotFoundException: Could not load file or assembly 'Microsoft.Bcl.AsyncInterfaces, Culture=neutral, PublicKeyToken=null'. The system cannot find the file specified.
File name: 'Microsoft.Bcl.AsyncInterfaces, Culture=neutral, PublicKeyToken=null'
   at System.Reflection.RuntimeAssembly.InternalLoad(ObjectHandleOnStack assemblyName, ObjectHandleOnStack requestingAssembly, StackCrawlMarkHandle stackMark, Boolean throwOnFileNotFound, ObjectHandleOnStack assemblyLoadContext, ObjectHandleOnStack retAssembly)
   at System.Reflection.RuntimeAssembly.InternalLoad(AssemblyName assemblyName, RuntimeAssembly requestingAssembly, StackCrawlMark& stackMark, Boolean throwOnFileNotFound, AssemblyLoadContext assemblyLoadContext)
   at System.Reflection.Assembly.Load(AssemblyName assemblyRef)
   at Microsoft.VisualStudio.TestPlatform.Common.ExtensionFramework.TestPluginCache.CurrentDomainAssemblyResolve(Object sender, AssemblyResolveEventArgs args)
   at Microsoft.VisualStudio.TestPlatform.PlatformAbstractions.PlatformAssemblyResolver.AssemblyResolverEvent(Object sender, Object eventArgs)
   at System.Runtime.Loader.AssemblyLoadContext.GetFirstResolvedAssemblyFromResolvingEvent(AssemblyName assemblyName)
   at System.Runtime.Loader.AssemblyLoadContext.ResolveUsingEvent(AssemblyName assemblyName)
   at System.Runtime.Loader.AssemblyLoadContext.ResolveUsingResolvingEvent(IntPtr gchManagedAssemblyLoadContext, AssemblyName assemblyName)
TpTrace Warning: 0 : 3332, 1, 2022/04/03, 17:01:40.851, 1114390801630, vstest.console.dll, LoaderExceptions: System.IO.FileNotFoundException: Could not load file or assembly 'Microsoft.Bcl.AsyncInterfaces, Version=1.0.0.0, Culture=neutral, PublicKeyToken=cc7b13ffcd2ddd51'. The system cannot find the file specified.
File name: 'Microsoft.Bcl.AsyncInterfaces, Version=1.0.0.0, Culture=neutral, PublicKeyToken=cc7b13ffcd2ddd51'
 ---> System.IO.FileNotFoundException: Could not load file or assembly 'Microsoft.Bcl.AsyncInterfaces, Culture=neutral, PublicKeyToken=null'. The system cannot find the file specified.
File name: 'Microsoft.Bcl.AsyncInterfaces, Culture=neutral, PublicKeyToken=null'
   at System.Reflection.RuntimeAssembly.InternalLoad(ObjectHandleOnStack assemblyName, ObjectHandleOnStack requestingAssembly, StackCrawlMarkHandle stackMark, Boolean throwOnFileNotFound, ObjectHandleOnStack assemblyLoadContext, ObjectHandleOnStack retAssembly)
   at System.Reflection.RuntimeAssembly.InternalLoad(AssemblyName assemblyName, RuntimeAssembly requestingAssembly, StackCrawlMark& stackMark, Boolean throwOnFileNotFound, AssemblyLoadContext assemblyLoadContext)
   at System.Reflection.Assembly.Load(AssemblyName assemblyRef)
   at Microsoft.VisualStudio.TestPlatform.Common.ExtensionFramework.TestPluginCache.CurrentDomainAssemblyResolve(Object sender, AssemblyResolveEventArgs args)
   at Microsoft.VisualStudio.TestPlatform.PlatformAbstractions.PlatformAssemblyResolver.AssemblyResolverEvent(Object sender, Object eventArgs)
   at System.Runtime.Loader.AssemblyLoadContext.GetFirstResolvedAssemblyFromResolvingEvent(AssemblyName assemblyName)
   at System.Runtime.Loader.AssemblyLoadContext.ResolveUsingEvent(AssemblyName assemblyName)
   at System.Runtime.Loader.AssemblyLoadContext.ResolveUsingResolvingEvent(IntPtr gchManagedAssemblyLoadContext, AssemblyName assemblyName)
TpTrace Verbose: 0 : 3332, 1, 2022/04/03, 17:01:40.852, 1114390804945, vstest.console.dll, TestPluginCache: Discovered the extensions using extension path ''.
TpTrace Verbose: 0 : 3332, 1, 2022/04/03, 17:01:40.852, 1114390805536, vstest.console.dll, TestPluginCache: Discoverers are ''.
TpTrace Verbose: 0 : 3332, 1, 2022/04/03, 17:01:40.852, 1114390805703, vstest.console.dll, TestPluginCache: Executors are ''.
TpTrace Verbose: 0 : 3332, 1, 2022/04/03, 17:01:40.852, 1114390805853, vstest.console.dll, TestPluginCache: Executors2 are ''.
TpTrace Verbose: 0 : 3332, 1, 2022/04/03, 17:01:40.852, 1114390806002, vstest.console.dll, TestPluginCache: Setting providers are ''.
TpTrace Verbose: 0 : 3332, 1, 2022/04/03, 17:01:40.852, 1114390806537, vstest.console.dll, TestPluginCache: Loggers are 'logger://Microsoft/TestPlatform/Extensions/Blame/v1,logger://Microsoft/TestPlatform/HtmlLogger/v1,logger://Microsoft/TestPlatform/TrxLogger/v1'.
TpTrace Information: 0 : 3332, 1, 2022/04/03, 17:01:40.852, 1114390811377, vstest.console.dll, TestPluginManager.CreateTestExtension: Attempting to load test extension: Microsoft.TestPlatform.Extensions.BlameDataCollector.BlameLogger
TpTrace Information: 0 : 3332, 1, 2022/04/03, 17:01:40.859, 1114390879894, vstest.console.dll, TestPluginManager.CreateTestExtension: Attempting to load test extension: Microsoft.VisualStudio.TestPlatform.CrossPlatEngine.Hosting.DefaultTestHostManager
TpTrace Information: 0 : 3332, 1, 2022/04/03, 17:01:40.859, 1114390883272, vstest.console.dll, TestPluginManager.CreateTestExtension: Attempting to load test extension: Microsoft.VisualStudio.TestPlatform.CrossPlatEngine.Hosting.DotnetTestHostManager
TpTrace Verbose: 0 : 3332, 1, 2022/04/03, 17:01:40.860, 1114390889290, vstest.console.dll, TestEngine: Initializing Parallel Execution as MaxCpuCount is set to: 1
TpTrace Information: 0 : 3332, 1, 2022/04/03, 17:01:40.861, 1114390894271, vstest.console.dll, InferRunSettingsHelper.IsTestSettingsEnabled: Unable to navigate to RunSettings/MSTest. Current node: RunSettings
TpTrace Verbose: 0 : 3332, 1, 2022/04/03, 17:01:40.875, 1114391036911, vstest.console.dll, TestRequestSender is acting as server
TpTrace Verbose: 0 : 3332, 5, 2022/04/03, 17:01:40.880, 1114391090365, vstest.console.dll, DataCollectionRequestSender.InitializeCommunication : Initialize communication. 
TpTrace Information: 0 : 3332, 5, 2022/04/03, 17:01:40.885, 1114391141733, vstest.console.dll, Listening on Endpoint : 127.0.0.1:51540
TpTrace Verbose: 0 : 3332, 5, 2022/04/03, 17:01:40.896, 1114391248403, vstest.console.dll, DotnetDataCollectionLauncher: Full path of dotnet.exe is C:\Program Files\dotnet\dotnet.exe
TpTrace Verbose: 0 : 3332, 5, 2022/04/03, 17:01:40.896, 1114391250139, vstest.console.dll, DotnetDataCollectionLauncher: Adding  --runtimeconfig "C:\Program Files\dotnet\sdk\6.0.102\datacollector.runtimeconfig.json" in args
TpTrace Verbose: 0 : 3332, 5, 2022/04/03, 17:01:40.896, 1114391250712, vstest.console.dll, DotnetDataCollectionLauncher: Adding  --depsfile "C:\Program Files\dotnet\sdk\6.0.102\datacollector.deps.json" in args
TpTrace Information: 0 : 3332, 5, 2022/04/03, 17:01:40.905, 1114391335818, vstest.console.dll, ProxyDataCollectionManager.Initialize: Launched datacollector processId: 30936 port: 51540
TpTrace Information: 0 : 3332, 5, 2022/04/03, 17:01:40.905, 1114391337667, vstest.console.dll, ProxyDataCollectionManager.Initialize: waiting for connection with timeout: 90 seconds
TpTrace Verbose: 0 : 3332, 5, 2022/04/03, 17:01:40.905, 1114391338477, vstest.console.dll, DataCollectionRequestSender.WaitForRequestHandlerConnection : Waiting for connection with timeout: 90000
TpTrace Information: 0 : 3332, 8, 2022/04/03, 17:01:41.063, 1114392919460, vstest.console.dll, Using the buffer size of 16384 bytes
TpTrace Verbose: 0 : 3332, 5, 2022/04/03, 17:01:41.063, 1114392920160, vstest.console.dll, ProxyDataCollectionManager.InvokeDataCollectionServiceAction: Starting.
TpTrace Information: 0 : 3332, 8, 2022/04/03, 17:01:41.063, 1114392921482, vstest.console.dll, Accepted Client request and set the flag
TpTrace Information: 0 : 3332, 5, 2022/04/03, 17:01:41.063, 1114392921923, vstest.console.dll, ProxyDataCollectionManager.BeforeTestRunStart: Get environment variable and port for datacollector processId: 30936 port: 51540
TpTrace Verbose: 0 : 3332, 5, 2022/04/03, 17:01:41.064, 1114392923789, vstest.console.dll, DataCollectionRequestSender.SendBeforeTestRunStartAndGetResult : Send BeforeTestRunStart message with settingsXml <RunSettings><RunConfiguration><ResultsDirectory>C:\Users\hp\Documents\KeepingUpWithCSharp\Rest API - Catalogue\Catalogue.UnitTests\bin\Debug\net5.0\fine-code-coverage\coverage-tool-output</ResultsDirectory><TargetPlatform>X64</TargetPlatform><TargetFrameworkVersion>.NETCoreApp,Version=v5.0</TargetFrameworkVersion><DesignMode>False</DesignMode><CollectSourceInformation>False</CollectSourceInformation><TestAdaptersPaths>C:\Program Files\dotnet\sdk\6.0.102\Extensions</TestAdaptersPaths></RunConfiguration><LoggerRunSettings><Loggers><Logger friendlyName="blame" enabled="True" /><Logger friendlyName="Console" uri="logger://microsoft/TestPlatform/ConsoleLogger/v1" assemblyQualifiedName="Microsoft.VisualStudio.TestPlatform.CommandLine.Internal.ConsoleLogger, vstest.console, Version=15.0.0.0, Culture=neutral, PublicKeyToken=b03f5f7f11d50a3a" codeBase="C:\Program Files\dotnet\sdk\6.0.102\vstest.console.dll" enabled="True" /></Loggers></LoggerRunSettings><DataCollectionRunSettings><DataCollectors><DataCollector friendlyName="blame" enabled="True"><Configuration><ResultsDirectory>C:\Users\hp\Documents\KeepingUpWithCSharp\Rest API - Catalogue\Catalogue.UnitTests\bin\Debug\net5.0\fine-code-coverage\coverage-tool-output</ResultsDirectory></Configuration></DataCollector></DataCollectors></DataCollectionRunSettings></RunSettings> and sources System.Linq.Enumerable+Concat2Iterator`1[System.String]: 
TpTrace Verbose: 0 : 3332, 5, 2022/04/03, 17:01:41.170, 1114393991382, vstest.console.dll, DataCollectionRequestSender.SendBeforeTestRunStartAndGetResult : Received message: (DataCollection.SendMessage) -> {
  "FriendlyName": null,
  "Uri": null,
  "TestCaseId": "00000000-0000-0000-0000-000000000000",
  "Message": "Logging DataCollector Diagnostics in file: C:\\Users\\hp\\Documents\\KeepingUpWithCSharp\\Rest API - Catalogue\\Catalogue.UnitTests\\bin\\Debug\\net5.0\\fine-code-coverage\\coverage-tool-output\\diagnostics.datacollector.22-04-03_17-01-40_89340_5.log",
  "Level": 0
}
TpTrace Verbose: 0 : 3332, 5, 2022/04/03, 17:01:41.274, 1114395032549, vstest.console.dll, DataCollectionRequestSender.SendBeforeTestRunStartAndGetResult : Received message: (DataCollection.BeforeTestRunStartResult) -> {
  "EnvironmentVariables": {},
  "DataCollectionEventsPort": 51542
}
TpTrace Information: 0 : 3332, 5, 2022/04/03, 17:01:41.280, 1114395091402, vstest.console.dll, ProxyDataCollectionManager.BeforeTestRunStart: SendBeforeTestRunStartAndGetResult successful, env variable from datacollector:   and testhost port: 51542
TpTrace Information: 0 : 3332, 5, 2022/04/03, 17:01:41.280, 1114395092478, vstest.console.dll, ProxyDataCollectionManager.InvokeDataCollectionServiceAction: Completed.
TpTrace Verbose: 0 : 3332, 1, 2022/04/03, 17:01:41.281, 1114395093903, vstest.console.dll, TestRunRequest.ExecuteAsync: Creating test run request.
TpTrace Verbose: 0 : 3332, 1, 2022/04/03, 17:01:41.281, 1114395097866, vstest.console.dll, TestRunRequest.ExecuteAsync: Starting.
TpTrace Information: 0 : 3332, 1, 2022/04/03, 17:01:41.281, 1114395101905, vstest.console.dll, TestRunRequest.ExecuteAsync: Starting run with settings:TestRunCriteria:
   KeepAlive=False,FrequencyOfRunStatsChangeEvent=10,RunStatsChangeEventTimeout=00:00:01.5000000,TestCaseFilter=,TestExecutorLauncher=
   Settingsxml=<RunSettings>
  <RunConfiguration>
    <ResultsDirectory>C:\Users\hp\Documents\KeepingUpWithCSharp\Rest API - Catalogue\Catalogue.UnitTests\bin\Debug\net5.0\fine-code-coverage\coverage-tool-output</ResultsDirectory>
    <TargetPlatform>X64</TargetPlatform>
    <TargetFrameworkVersion>.NETCoreApp,Version=v5.0</TargetFrameworkVersion>
    <DesignMode>False</DesignMode>
    <CollectSourceInformation>False</CollectSourceInformation>
  </RunConfiguration>
  <LoggerRunSettings>
    <Loggers>
      <Logger friendlyName="blame" enabled="True" />
      <Logger friendlyName="Console" uri="logger://microsoft/TestPlatform/ConsoleLogger/v1" assemblyQualifiedName="Microsoft.VisualStudio.TestPlatform.CommandLine.Internal.ConsoleLogger, vstest.console, Version=15.0.0.0, Culture=neutral, PublicKeyToken=b03f5f7f11d50a3a" codeBase="C:\Program Files\dotnet\sdk\6.0.102\vstest.console.dll" enabled="True" />
    </Loggers>
  </LoggerRunSettings>
  <DataCollectionRunSettings>
    <DataCollectors>
      <DataCollector friendlyName="blame" enabled="True">
        <Configuration>
          <ResultsDirectory>C:\Users\hp\Documents\KeepingUpWithCSharp\Rest API - Catalogue\Catalogue.UnitTests\bin\Debug\net5.0\fine-code-coverage\coverage-tool-output</ResultsDirectory>
        </Configuration>
      </DataCollector>
    </DataCollectors>
  </DataCollectionRunSettings>
</RunSettings>

TpTrace Verbose: 0 : 3332, 1, 2022/04/03, 17:01:41.281, 1114395102506, vstest.console.dll, TestRunRequest.ExecuteAsync: Wait for the first run request is over.
TpTrace Verbose: 0 : 3332, 1, 2022/04/03, 17:01:41.282, 1114395107852, vstest.console.dll, ParallelProxyExecutionManager: Start execution. Total sources: 1
TpTrace Information: 0 : 3332, 1, 2022/04/03, 17:01:41.283, 1114395115437, vstest.console.dll, ProxyParallelExecutionManager: Triggering test run for next source: C:\Users\hp\Documents\KeepingUpWithCSharp\Rest API - Catalogue\Catalogue.UnitTests\bin\Debug\net5.0\fine-code-coverage\build-output\Catalogue.UnitTests.dll
TpTrace Verbose: 0 : 3332, 5, 2022/04/03, 17:01:41.283, 1114395117492, vstest.console.dll, ParallelProxyExecutionManager: Execution started. Started clients: 1
TpTrace Verbose: 0 : 3332, 1, 2022/04/03, 17:01:41.283, 1114395118159, vstest.console.dll, ProxyParallelExecutionManager: No sources available for execution.
TpTrace Information: 0 : 3332, 1, 2022/04/03, 17:01:41.283, 1114395118728, vstest.console.dll, TestRunRequest.ExecuteAsync: Started.
TpTrace Verbose: 0 : 3332, 1, 2022/04/03, 17:01:41.283, 1114395119423, vstest.console.dll, TestRunRequest.WaitForCompletion: Waiting with timeout -1.
TpTrace Verbose: 0 : 3332, 5, 2022/04/03, 17:01:41.283, 1114395120389, vstest.console.dll, TestRunRequest:SendTestRunMessage: Starting.
TpTrace Information: 0 : 3332, 5, 2022/04/03, 17:01:41.283, 1114395121980, vstest.console.dll, TestRunRequest:SendTestRunMessage: Completed.
TpTrace Verbose: 0 : 3332, 5, 2022/04/03, 17:01:41.284, 1114395123838, vstest.console.dll, ProxyExecutionManager: Test host is always Lazy initialize.
TpTrace Verbose: 0 : 3332, 5, 2022/04/03, 17:01:41.284, 1114395126016, vstest.console.dll, TestRequestSender.InitializeCommunication: initialize communication. 
TpTrace Information: 0 : 3332, 5, 2022/04/03, 17:01:41.284, 1114395131135, vstest.console.dll, SocketServer.Start: Listening on endpoint : 127.0.0.1:51543
TpTrace Verbose: 0 : 3332, 5, 2022/04/03, 17:01:41.285, 1114395138431, vstest.console.dll, DotnetTestHostmanager: Adding  --runtimeconfig "C:\Users\hp\Documents\KeepingUpWithCSharp\Rest API - Catalogue\Catalogue.UnitTests\bin\Debug\net5.0\fine-code-coverage\build-output\Catalogue.UnitTests.runtimeconfig.json" in args
TpTrace Verbose: 0 : 3332, 5, 2022/04/03, 17:01:41.285, 1114395139482, vstest.console.dll, DotnetTestHostmanager: Adding  --depsfile "C:\Users\hp\Documents\KeepingUpWithCSharp\Rest API - Catalogue\Catalogue.UnitTests\bin\Debug\net5.0\fine-code-coverage\build-output\Catalogue.UnitTests.deps.json" in args
TpTrace Verbose: 0 : 3332, 5, 2022/04/03, 17:01:41.285, 1114395141551, vstest.console.dll, DotnetTestHostManager: Testhost.exe/testhost.x86.exe found at path: C:\Users\hp\Documents\KeepingUpWithCSharp\Rest API - Catalogue\Catalogue.UnitTests\bin\Debug\net5.0\fine-code-coverage\build-output\testhost.exe
TpTrace Verbose: 0 : 3332, 5, 2022/04/03, 17:01:41.285, 1114395141987, vstest.console.dll, DotnetTestHostmanager: Full path of host exe is C:\Users\hp\Documents\KeepingUpWithCSharp\Rest API - Catalogue\Catalogue.UnitTests\bin\Debug\net5.0\fine-code-coverage\build-output\testhost.exe
TpTrace Verbose: 0 : 3332, 7, 2022/04/03, 17:01:41.286, 1114395152749, vstest.console.dll, DotnetTestHostManager: Starting process 'C:\Users\hp\Documents\KeepingUpWithCSharp\Rest API - Catalogue\Catalogue.UnitTests\bin\Debug\net5.0\fine-code-coverage\build-output\testhost.exe' with command line ' --runtimeconfig "C:\Users\hp\Documents\KeepingUpWithCSharp\Rest API - Catalogue\Catalogue.UnitTests\bin\Debug\net5.0\fine-code-coverage\build-output\Catalogue.UnitTests.runtimeconfig.json" --depsfile "C:\Users\hp\Documents\KeepingUpWithCSharp\Rest API - Catalogue\Catalogue.UnitTests\bin\Debug\net5.0\fine-code-coverage\build-output\Catalogue.UnitTests.deps.json" --port 51543 --endpoint 127.0.0.1:051543 --role client --parentprocessid 3332 --diag "C:\Users\hp\Documents\KeepingUpWithCSharp\Rest API - Catalogue\Catalogue.UnitTests\bin\Debug\net5.0\fine-code-coverage\coverage-tool-output\diagnostics.host.22-04-03_17-01-41_28505_5.log" --tracelevel 4 --datacollectionport 51542 --telemetryoptedin false'
TpTrace Verbose: 0 : 3332, 7, 2022/04/03, 17:01:41.292, 1114395205591, vstest.console.dll, Test Runtime launched
TpTrace Verbose: 0 : 3332, 5, 2022/04/03, 17:01:41.293, 1114395214159, vstest.console.dll, TestRequestSender.WaitForRequestHandlerConnection: waiting for connection with timeout: 90000
TpTrace Verbose: 0 : 3332, 13, 2022/04/03, 17:01:41.490, 1114397187865, vstest.console.dll, SocketServer.OnClientConnected: Client connected for endPoint: 127.0.0.1:51543, starting MessageLoopAsync:
TpTrace Verbose: 0 : 3332, 11, 2022/04/03, 17:01:41.490, 1114397193382, vstest.console.dll, TcpClientExtensions.MessageLoopAsync: Polling on remoteEndPoint: 127.0.0.1:51544 localEndPoint: 127.0.0.1:51543
TpTrace Verbose: 0 : 3332, 11, 2022/04/03, 17:01:41.723, 1114399515739, vstest.console.dll, TcpClientExtensions.MessageLoopAsync: NotifyDataAvailable remoteEndPoint: 127.0.0.1:51544 localEndPoint: 127.0.0.1:51543
TpTrace Verbose: 0 : 3332, 11, 2022/04/03, 17:01:41.723, 1114399520870, vstest.console.dll, TestRequestSender.CheckVersionWithTestHost: onMessageReceived received message: (ProtocolVersion) -> 5
TpTrace Verbose: 0 : 3332, 11, 2022/04/03, 17:01:41.724, 1114399527283, vstest.console.dll, TcpClientExtensions.MessageLoopAsync: Polling on remoteEndPoint: 127.0.0.1:51544 localEndPoint: 127.0.0.1:51543
TpTrace Verbose: 0 : 3332, 5, 2022/04/03, 17:01:41.724, 1114399528502, vstest.console.dll, TestPluginCache.GetExtensionPaths: Filtered extension paths: 
TpTrace Verbose: 0 : 3332, 5, 2022/04/03, 17:01:41.724, 1114399529564, vstest.console.dll, TestPluginCache.GetExtensionPaths: Added default extension paths: C:\Program Files\dotnet\sdk\6.0.102\Extensions\Microsoft.Diagnostics.NETCore.Client.dll
C:\Program Files\dotnet\sdk\6.0.102\Extensions\Microsoft.TestPlatform.Extensions.BlameDataCollector.dll
C:\Program Files\dotnet\sdk\6.0.102\Extensions\Microsoft.TestPlatform.Extensions.EventLogCollector.dll
C:\Program Files\dotnet\sdk\6.0.102\Extensions\Microsoft.TestPlatform.TestHostRuntimeProvider.dll
C:\Program Files\dotnet\sdk\6.0.102\Extensions\Microsoft.VisualStudio.TestPlatform.Extensions.Html.TestLogger.dll
C:\Program Files\dotnet\sdk\6.0.102\Extensions\Microsoft.VisualStudio.TestPlatform.Extensions.Trx.TestLogger.dll
TpTrace Verbose: 0 : 3332, 5, 2022/04/03, 17:01:41.724, 1114399530380, vstest.console.dll, TestPluginCache.GetExtensionPaths: Added unfilterableExtensionPaths: 
TpTrace Verbose: 0 : 3332, 5, 2022/04/03, 17:01:41.732, 1114399606804, vstest.console.dll, TestRequestSender.InitializeExecution: Sending initializing execution with message: {"Version":5,"MessageType":"TestExecution.Initialize","Payload":["C:\\Users\\hp\\Documents\\KeepingUpWithCSharp\\Rest API - Catalogue\\Catalogue.UnitTests\\bin\\Debug\\net5.0\\fine-code-coverage\\build-output\\xunit.runner.visualstudio.dotnetcore.testadapter.dll"]}
TpTrace Verbose: 0 : 3332, 11, 2022/04/03, 17:01:41.741, 1114399696782, vstest.console.dll, TcpClientExtensions.MessageLoopAsync: NotifyDataAvailable remoteEndPoint: 127.0.0.1:51544 localEndPoint: 127.0.0.1:51543
TpTrace Verbose: 0 : 3332, 11, 2022/04/03, 17:01:41.741, 1114399699779, vstest.console.dll, TestRequestSender.OnExecutionMessageReceived: Received message: {"Version":5,"MessageType":"TestSession.Message","Payload":{"MessageLevel":0,"Message":"Logging TestHost Diagnostics in file: C:\\Users\\hp\\Documents\\KeepingUpWithCSharp\\Rest API - Catalogue\\Catalogue.UnitTests\\bin\\Debug\\net5.0\\fine-code-coverage\\coverage-tool-output\\diagnostics.host.22-04-03_17-01-41_28505_5.log"}}
TpTrace Verbose: 0 : 3332, 11, 2022/04/03, 17:01:41.750, 1114399790847, vstest.console.dll, TestRunRequest:SendTestRunMessage: Starting.
TpTrace Information: 0 : 3332, 11, 2022/04/03, 17:01:41.750, 1114399792952, vstest.console.dll, TestRunRequest:SendTestRunMessage: Completed.
TpTrace Verbose: 0 : 3332, 11, 2022/04/03, 17:01:41.751, 1114399793870, vstest.console.dll, TcpClientExtensions.MessageLoopAsync: Polling on remoteEndPoint: 127.0.0.1:51544 localEndPoint: 127.0.0.1:51543
TpTrace Verbose: 0 : 3332, 5, 2022/04/03, 17:01:41.751, 1114399797622, vstest.console.dll, TestRequestSender.StartTestRun: Sending test run with message: {"Version":5,"MessageType":"TestExecution.StartWithSources","Payload":{"AdapterSourceMap":{"_none_":["C:\\Users\\hp\\Documents\\KeepingUpWithCSharp\\Rest API - Catalogue\\Catalogue.UnitTests\\bin\\Debug\\net5.0\\fine-code-coverage\\build-output\\Catalogue.UnitTests.dll"]},"RunSettings":"<RunSettings>\r\n  <RunConfiguration>\r\n    <ResultsDirectory>C:\\Users\\hp\\Documents\\KeepingUpWithCSharp\\Rest API - Catalogue\\Catalogue.UnitTests\\bin\\Debug\\net5.0\\fine-code-coverage\\coverage-tool-output</ResultsDirectory>\r\n    <TargetPlatform>X64</TargetPlatform>\r\n    <TargetFrameworkVersion>.NETCoreApp,Version=v5.0</TargetFrameworkVersion>\r\n    <DesignMode>False</DesignMode>\r\n    <CollectSourceInformation>False</CollectSourceInformation>\r\n  </RunConfiguration>\r\n  <LoggerRunSettings>\r\n    <Loggers>\r\n      <Logger friendlyName=\"blame\" enabled=\"True\" />\r\n      <Logger friendlyName=\"Console\" uri=\"logger://microsoft/TestPlatform/ConsoleLogger/v1\" assemblyQualifiedName=\"Microsoft.VisualStudio.TestPlatform.CommandLine.Internal.ConsoleLogger, vstest.console, Version=15.0.0.0, Culture=neutral, PublicKeyToken=b03f5f7f11d50a3a\" codeBase=\"C:\\Program Files\\dotnet\\sdk\\6.0.102\\vstest.console.dll\" enabled=\"True\" />\r\n    </Loggers>\r\n  </LoggerRunSettings>\r\n  <DataCollectionRunSettings>\r\n    <DataCollectors>\r\n      <DataCollector friendlyName=\"blame\" enabled=\"True\">\r\n        <Configuration>\r\n          <ResultsDirectory>C:\\Users\\hp\\Documents\\KeepingUpWithCSharp\\Rest API - Catalogue\\Catalogue.UnitTests\\bin\\Debug\\net5.0\\fine-code-coverage\\coverage-tool-output</ResultsDirectory>\r\n        </Configuration>\r\n      </DataCollector>\r\n    </DataCollectors>\r\n  </DataCollectionRunSettings>\r\n</RunSettings>","TestExecutionContext":{"FrequencyOfRunStatsChangeEvent":10,"RunStatsChangeEventTimeout":"00:00:01.5000000","InIsolation":false,"KeepAlive":false,"AreTestCaseLevelEventsRequired":false,"IsDebug":false,"TestCaseFilter":null,"FilterOptions":null},"Package":null}}
TpTrace Verbose: 0 : 3332, 11, 2022/04/03, 17:01:41.948, 1114401766466, vstest.console.dll, TcpClientExtensions.MessageLoopAsync: NotifyDataAvailable remoteEndPoint: 127.0.0.1:51544 localEndPoint: 127.0.0.1:51543
TpTrace Verbose: 0 : 3332, 11, 2022/04/03, 17:01:41.948, 1114401768885, vstest.console.dll, TestRequestSender.OnExecutionMessageReceived: Received message: {"Version":5,"MessageType":"TestSession.Message","Payload":{"MessageLevel":0,"Message":"[xUnit.net 00:00:00.01] xUnit.net VSTest Adapter v2.4.3+1b45f5407b (64-bit .NET 5.0.15)"}}
TpTrace Verbose: 0 : 3332, 11, 2022/04/03, 17:01:41.948, 1114401772461, vstest.console.dll, TestRunRequest:SendTestRunMessage: Starting.
TpTrace Information: 0 : 3332, 11, 2022/04/03, 17:01:41.948, 1114401773398, vstest.console.dll, TestRunRequest:SendTestRunMessage: Completed.
TpTrace Verbose: 0 : 3332, 11, 2022/04/03, 17:01:41.949, 1114401774025, vstest.console.dll, TcpClientExtensions.MessageLoopAsync: Polling on remoteEndPoint: 127.0.0.1:51544 localEndPoint: 127.0.0.1:51543
TpTrace Verbose: 0 : 3332, 11, 2022/04/03, 17:01:42.928, 1114411563865, vstest.console.dll, TcpClientExtensions.MessageLoopAsync: NotifyDataAvailable remoteEndPoint: 127.0.0.1:51544 localEndPoint: 127.0.0.1:51543
TpTrace Verbose: 0 : 3332, 11, 2022/04/03, 17:01:42.928, 1114411565633, vstest.console.dll, TestRequestSender.OnExecutionMessageReceived: Received message: {"Version":5,"MessageType":"TestSession.Message","Payload":{"MessageLevel":0,"Message":"[xUnit.net 00:00:00.99]   Discovering: Catalogue.UnitTests"}}
TpTrace Verbose: 0 : 3332, 11, 2022/04/03, 17:01:42.928, 1114411567917, vstest.console.dll, TestRunRequest:SendTestRunMessage: Starting.
TpTrace Information: 0 : 3332, 11, 2022/04/03, 17:01:42.928, 1114411568513, vstest.console.dll, TestRunRequest:SendTestRunMessage: Completed.
TpTrace Verbose: 0 : 3332, 11, 2022/04/03, 17:01:42.928, 1114411568803, vstest.console.dll, TcpClientExtensions.MessageLoopAsync: Polling on remoteEndPoint: 127.0.0.1:51544 localEndPoint: 127.0.0.1:51543
TpTrace Verbose: 0 : 3332, 11, 2022/04/03, 17:01:42.967, 1114411960163, vstest.console.dll, TcpClientExtensions.MessageLoopAsync: NotifyDataAvailable remoteEndPoint: 127.0.0.1:51544 localEndPoint: 127.0.0.1:51543
TpTrace Verbose: 0 : 3332, 11, 2022/04/03, 17:01:42.967, 1114411961825, vstest.console.dll, TestRequestSender.OnExecutionMessageReceived: Received message: {"Version":5,"MessageType":"TestSession.Message","Payload":{"MessageLevel":0,"Message":"[xUnit.net 00:00:01.03]   Discovered:  Catalogue.UnitTests"}}
TpTrace Verbose: 0 : 3332, 11, 2022/04/03, 17:01:42.967, 1114411963337, vstest.console.dll, TestRunRequest:SendTestRunMessage: Starting.
TpTrace Information: 0 : 3332, 11, 2022/04/03, 17:01:42.968, 1114411964187, vstest.console.dll, TestRunRequest:SendTestRunMessage: Completed.
TpTrace Verbose: 0 : 3332, 11, 2022/04/03, 17:01:42.968, 1114411964656, vstest.console.dll, TcpClientExtensions.MessageLoopAsync: Polling on remoteEndPoint: 127.0.0.1:51544 localEndPoint: 127.0.0.1:51543
TpTrace Verbose: 0 : 3332, 11, 2022/04/03, 17:01:42.970, 1114411985952, vstest.console.dll, TcpClientExtensions.MessageLoopAsync: NotifyDataAvailable remoteEndPoint: 127.0.0.1:51544 localEndPoint: 127.0.0.1:51543
TpTrace Verbose: 0 : 3332, 11, 2022/04/03, 17:01:42.970, 1114411987628, vstest.console.dll, TestRequestSender.OnExecutionMessageReceived: Received message: {"Version":5,"MessageType":"TestSession.Message","Payload":{"MessageLevel":0,"Message":"[xUnit.net 00:00:01.03]   Starting:    Catalogue.UnitTests"}}
TpTrace Verbose: 0 : 3332, 11, 2022/04/03, 17:01:42.970, 1114411989530, vstest.console.dll, TestRunRequest:SendTestRunMessage: Starting.
TpTrace Information: 0 : 3332, 11, 2022/04/03, 17:01:42.970, 1114411990039, vstest.console.dll, TestRunRequest:SendTestRunMessage: Completed.
TpTrace Verbose: 0 : 3332, 11, 2022/04/03, 17:01:42.970, 1114411990290, vstest.console.dll, TcpClientExtensions.MessageLoopAsync: Polling on remoteEndPoint: 127.0.0.1:51544 localEndPoint: 127.0.0.1:51543
TpTrace Verbose: 0 : 3332, 11, 2022/04/03, 17:01:43.403, 1114416320278, vstest.console.dll, TcpClientExtensions.MessageLoopAsync: NotifyDataAvailable remoteEndPoint: 127.0.0.1:51544 localEndPoint: 127.0.0.1:51543
TpTrace Verbose: 0 : 3332, 11, 2022/04/03, 17:01:43.403, 1114416322726, vstest.console.dll, TestRequestSender.OnExecutionMessageReceived: Received message: {"Version":5,"MessageType":"TestExecution.StatsChange","Payload":{"NewTestResults":[{"TestCase":{"Id":"ffce0aac-af1a-2269-9fc1-3013832276ac","FullyQualifiedName":"Catalogue.UnitTests.ItemsControllerTest.DeleteItemAsync_WithExistingItem_ReturnsNoContent","DisplayName":"Catalogue.UnitTests.ItemsControllerTest.DeleteItemAsync_WithExistingItem_ReturnsNoContent","ExecutorUri":"executor://xunit/VsTestRunner2/netcoreapp","Source":"C:\\Users\\hp\\Documents\\KeepingUpWithCSharp\\Rest API - Catalogue\\Catalogue.UnitTests\\bin\\Debug\\net5.0\\fine-code-coverage\\build-output\\Catalogue.UnitTests.dll","CodeFilePath":null,"LineNumber":0,"Properties":[]},"Attachments":[],"Outcome":1,"ErrorMessage":null,"ErrorStackTrace":null,"DisplayName":"Catalogue.UnitTests.ItemsControllerTest.DeleteItemAsync_WithExistingItem_ReturnsNoContent","Messages":[],"ComputerName":"LAPTOP-0VSJ0RU3","Duration":"00:00:00.1369346","StartTime":"2022-04-03T16:01:43.1807087+00:00","EndTime":"2022-04-03T16:01:43.1807349+00:00","Properties":[]},{"TestCase":{"Id":"99067a99-d264-e486-5740-f8a59b78ab69","FullyQualifiedName":"Catalogue.UnitTests.ItemsControllerTest.GetItemAsync_WithExistingItem_ReturnsExpectedItemFound","DisplayName":"Catalogue.UnitTests.ItemsControllerTest.GetItemAsync_WithExistingItem_ReturnsExpectedItemFound","ExecutorUri":"executor://xunit/VsTestRunner2/netcoreapp","Source":"C:\\Users\\hp\\Documents\\KeepingUpWithCSharp\\Rest API - Catalogue\\Catalogue.UnitTests\\bin\\Debug\\net5.0\\fine-code-coverage\\build-output\\Catalogue.UnitTests.dll","CodeFilePath":null,"LineNumber":0,"Properties":[]},"Attachments":[],"Outcome":1,"ErrorMessage":null,"ErrorStackTrace":null,"DisplayName":"Catalogue.UnitTests.ItemsControllerTest.GetItemAsync_WithExistingItem_ReturnsExpectedItemFound","Messages":[],"ComputerName":"LAPTOP-0VSJ0RU3","Duration":"00:00:00.0544724","StartTime":"2022-04-03T16:01:43.2346447+00:00","EndTime":"2022-04-03T16:01:43.2346467+00:00","Properties":[]},{"TestCase":{"Id":"c3f87f8d-f6c9-dce7-006b-e44271943c8f","FullyQualifiedName":"Catalogue.UnitTests.ItemsControllerTest.UpdateItemAsync_WithExistingItem_ReturnsNoContent","DisplayName":"Catalogue.UnitTests.ItemsControllerTest.UpdateItemAsync_WithExistingItem_ReturnsNoContent","ExecutorUri":"executor://xunit/VsTestRunner2/netcoreapp","Source":"C:\\Users\\hp\\Documents\\KeepingUpWithCSharp\\Rest API - Catalogue\\Catalogue.UnitTests\\bin\\Debug\\net5.0\\fine-code-coverage\\build-output\\Catalogue.UnitTests.dll","CodeFilePath":null,"LineNumber":0,"Properties":[]},"Attachments":[],"Outcome":1,"ErrorMessage":null,"ErrorStackTrace":null,"DisplayName":"Catalogue.UnitTests.ItemsControllerTest.UpdateItemAsync_WithExistingItem_ReturnsNoContent","Messages":[],"ComputerName":"LAPTOP-0VSJ0RU3","Duration":"00:00:00.0033881","StartTime":"2022-04-03T16:01:43.2380214+00:00","EndTime":"2022-04-03T16:01:43.2380229+00:00","Properties":[]}],"TestRunStatistics":{"ExecutedTests":3,"Stats":{"Passed":3}},"ActiveTests":[{"Id":"a76647c7-f1a0-0090-d489-6230c7f12545","FullyQualifiedName":"Catalogue.UnitTests.ItemsControllerTest.GetItemsAsync_WithMatchingItems_ReturnsMatchingItems","DisplayName":"Catalogue.UnitTests.ItemsControllerTest.GetItemsAsync_WithMatchingItems_ReturnsMatchingItems","ExecutorUri":"executor://xunit/VsTestRunner2/netcoreapp","Source":"C:\\Users\\hp\\Documents\\KeepingUpWithCSharp\\Rest API - Catalogue\\Catalogue.UnitTests\\bin\\Debug\\net5.0\\fine-code-coverage\\build-output\\Catalogue.UnitTests.dll","CodeFilePath":null,"LineNumber":0,"Properties":[]}]}}
TpTrace Verbose: 0 : 3332, 11, 2022/04/03, 17:01:43.429, 1114416580116, vstest.console.dll, TestRunRequest:SendTestRunStatsChange: Starting.
TpTrace Verbose: 0 : 3332, 11, 2022/04/03, 17:01:43.429, 1114416581353, vstest.console.dll, InProgress is Catalogue.UnitTests.ItemsControllerTest.GetItemsAsync_WithMatchingItems_ReturnsMatchingItems
TpTrace Information: 0 : 3332, 11, 2022/04/03, 17:01:43.429, 1114416583325, vstest.console.dll, TestRunRequest:SendTestRunStatsChange: Completed.
TpTrace Verbose: 0 : 3332, 11, 2022/04/03, 17:01:43.429, 1114416583711, vstest.console.dll, TcpClientExtensions.MessageLoopAsync: Polling on remoteEndPoint: 127.0.0.1:51544 localEndPoint: 127.0.0.1:51543
TpTrace Verbose: 0 : 3332, 11, 2022/04/03, 17:01:43.430, 1114416584080, vstest.console.dll, TcpClientExtensions.MessageLoopAsync: NotifyDataAvailable remoteEndPoint: 127.0.0.1:51544 localEndPoint: 127.0.0.1:51543
TpTrace Verbose: 0 : 3332, 11, 2022/04/03, 17:01:43.430, 1114416584584, vstest.console.dll, TestRequestSender.OnExecutionMessageReceived: Received message: {"Version":5,"MessageType":"TestSession.Message","Payload":{"MessageLevel":2,"Message":"[xUnit.net 00:00:01.47]     Catalogue.UnitTests.ItemsControllerTest.GetItemsAsync_WithMatchingItems_ReturnsMatchingItems [FAIL]"}}
TpTrace Verbose: 0 : 3332, 11, 2022/04/03, 17:01:43.430, 1114416587874, vstest.console.dll, TestRunRequest:SendTestRunMessage: Starting.
TpTrace Information: 0 : 3332, 11, 2022/04/03, 17:01:43.430, 1114416588346, vstest.console.dll, TestRunRequest:SendTestRunMessage: Completed.
TpTrace Verbose: 0 : 3332, 11, 2022/04/03, 17:01:43.430, 1114416588829, vstest.console.dll, TcpClientExtensions.MessageLoopAsync: Polling on remoteEndPoint: 127.0.0.1:51544 localEndPoint: 127.0.0.1:51543
TpTrace Verbose: 0 : 3332, 11, 2022/04/03, 17:01:43.430, 1114416589310, vstest.console.dll, TcpClientExtensions.MessageLoopAsync: NotifyDataAvailable remoteEndPoint: 127.0.0.1:51544 localEndPoint: 127.0.0.1:51543
TpTrace Verbose: 0 : 3332, 11, 2022/04/03, 17:01:43.430, 1114416589746, vstest.console.dll, TestRequestSender.OnExecutionMessageReceived: Received message: {"Version":5,"MessageType":"TestSession.Message","Payload":{"MessageLevel":0,"Message":"[xUnit.net 00:00:01.47]       Expected foundItems to contain only items matching ((item.Name == value(Catalogue.UnitTests.ItemsControllerTest+<>c__DisplayClass6_0).allItems[0].Name) OrElse (item.Name == value(Catalogue.UnitTests.ItemsControllerTest+<>c__DisplayClass6_0).allItems[2].Name)), but {ItemDto { Id = 00000000-0000-0000-0000-000000000000, Name = Antidote, Description = , Price = 0, CreatedDate = 01/01/0001 00:00:00 +00:00 }} do(es) not match."}}
TpTrace Verbose: 0 : 3332, 11, 2022/04/03, 17:01:43.430, 1114416590437, vstest.console.dll, TestRunRequest:SendTestRunMessage: Starting.
TpTrace Information: 0 : 3332, 11, 2022/04/03, 17:01:43.430, 1114416590742, vstest.console.dll, TestRunRequest:SendTestRunMessage: Completed.
TpTrace Verbose: 0 : 3332, 11, 2022/04/03, 17:01:43.430, 1114416590951, vstest.console.dll, TcpClientExtensions.MessageLoopAsync: Polling on remoteEndPoint: 127.0.0.1:51544 localEndPoint: 127.0.0.1:51543
TpTrace Verbose: 0 : 3332, 11, 2022/04/03, 17:01:43.430, 1114416591179, vstest.console.dll, TcpClientExtensions.MessageLoopAsync: NotifyDataAvailable remoteEndPoint: 127.0.0.1:51544 localEndPoint: 127.0.0.1:51543
TpTrace Verbose: 0 : 3332, 11, 2022/04/03, 17:01:43.430, 1114416591460, vstest.console.dll, TestRequestSender.OnExecutionMessageReceived: Received message: {"Version":5,"MessageType":"TestSession.Message","Payload":{"MessageLevel":0,"Message":"[xUnit.net 00:00:01.47]       Stack Trace:"}}
TpTrace Verbose: 0 : 3332, 11, 2022/04/03, 17:01:43.430, 1114416591993, vstest.console.dll, TestRunRequest:SendTestRunMessage: Starting.
TpTrace Information: 0 : 3332, 11, 2022/04/03, 17:01:43.430, 1114416592259, vstest.console.dll, TestRunRequest:SendTestRunMessage: Completed.
TpTrace Verbose: 0 : 3332, 11, 2022/04/03, 17:01:43.430, 1114416592455, vstest.console.dll, TcpClientExtensions.MessageLoopAsync: Polling on remoteEndPoint: 127.0.0.1:51544 localEndPoint: 127.0.0.1:51543
TpTrace Verbose: 0 : 3332, 11, 2022/04/03, 17:01:43.430, 1114416592936, vstest.console.dll, TcpClientExtensions.MessageLoopAsync: NotifyDataAvailable remoteEndPoint: 127.0.0.1:51544 localEndPoint: 127.0.0.1:51543
TpTrace Verbose: 0 : 3332, 11, 2022/04/03, 17:01:43.430, 1114416593202, vstest.console.dll, TestRequestSender.OnExecutionMessageReceived: Received message: {"Version":5,"MessageType":"TestSession.Message","Payload":{"MessageLevel":0,"Message":"[xUnit.net 00:00:01.47]            at FluentAssertions.Execution.XUnit2TestFramework.Throw(String message)"}}
TpTrace Verbose: 0 : 3332, 11, 2022/04/03, 17:01:43.430, 1114416593704, vstest.console.dll, TestRunRequest:SendTestRunMessage: Starting.
TpTrace Information: 0 : 3332, 11, 2022/04/03, 17:01:43.431, 1114416593957, vstest.console.dll, TestRunRequest:SendTestRunMessage: Completed.
TpTrace Verbose: 0 : 3332, 11, 2022/04/03, 17:01:43.431, 1114416594143, vstest.console.dll, TcpClientExtensions.MessageLoopAsync: Polling on remoteEndPoint: 127.0.0.1:51544 localEndPoint: 127.0.0.1:51543
TpTrace Verbose: 0 : 3332, 11, 2022/04/03, 17:01:43.431, 1114416594382, vstest.console.dll, TcpClientExtensions.MessageLoopAsync: NotifyDataAvailable remoteEndPoint: 127.0.0.1:51544 localEndPoint: 127.0.0.1:51543
TpTrace Verbose: 0 : 3332, 11, 2022/04/03, 17:01:43.431, 1114416594681, vstest.console.dll, TestRequestSender.OnExecutionMessageReceived: Received message: {"Version":5,"MessageType":"TestSession.Message","Payload":{"MessageLevel":0,"Message":"[xUnit.net 00:00:01.47]            at FluentAssertions.Execution.TestFrameworkProvider.Throw(String message)"}}
TpTrace Verbose: 0 : 3332, 11, 2022/04/03, 17:01:43.431, 1114416595182, vstest.console.dll, TestRunRequest:SendTestRunMessage: Starting.
TpTrace Information: 0 : 3332, 11, 2022/04/03, 17:01:43.431, 1114416595506, vstest.console.dll, TestRunRequest:SendTestRunMessage: Completed.
TpTrace Verbose: 0 : 3332, 11, 2022/04/03, 17:01:43.431, 1114416595702, vstest.console.dll, TcpClientExtensions.MessageLoopAsync: Polling on remoteEndPoint: 127.0.0.1:51544 localEndPoint: 127.0.0.1:51543
TpTrace Verbose: 0 : 3332, 11, 2022/04/03, 17:01:43.431, 1114416595924, vstest.console.dll, TcpClientExtensions.MessageLoopAsync: NotifyDataAvailable remoteEndPoint: 127.0.0.1:51544 localEndPoint: 127.0.0.1:51543
TpTrace Verbose: 0 : 3332, 11, 2022/04/03, 17:01:43.431, 1114416596199, vstest.console.dll, TestRequestSender.OnExecutionMessageReceived: Received message: {"Version":5,"MessageType":"TestSession.Message","Payload":{"MessageLevel":0,"Message":"[xUnit.net 00:00:01.47]            at FluentAssertions.Execution.DefaultAssertionStrategy.HandleFailure(String message)"}}
TpTrace Verbose: 0 : 3332, 11, 2022/04/03, 17:01:43.431, 1114416596711, vstest.console.dll, TestRunRequest:SendTestRunMessage: Starting.
TpTrace Information: 0 : 3332, 11, 2022/04/03, 17:01:43.431, 1114416596984, vstest.console.dll, TestRunRequest:SendTestRunMessage: Completed.
TpTrace Verbose: 0 : 3332, 11, 2022/04/03, 17:01:43.431, 1114416597171, vstest.console.dll, TcpClientExtensions.MessageLoopAsync: Polling on remoteEndPoint: 127.0.0.1:51544 localEndPoint: 127.0.0.1:51543
TpTrace Verbose: 0 : 3332, 11, 2022/04/03, 17:01:43.431, 1114416597387, vstest.console.dll, TcpClientExtensions.MessageLoopAsync: NotifyDataAvailable remoteEndPoint: 127.0.0.1:51544 localEndPoint: 127.0.0.1:51543
TpTrace Verbose: 0 : 3332, 11, 2022/04/03, 17:01:43.431, 1114416597712, vstest.console.dll, TestRequestSender.OnExecutionMessageReceived: Received message: {"Version":5,"MessageType":"TestSession.Message","Payload":{"MessageLevel":0,"Message":"[xUnit.net 00:00:01.48]            at FluentAssertions.Execution.AssertionScope.FailWith(Func`1 failReasonFunc)"}}
TpTrace Verbose: 0 : 3332, 11, 2022/04/03, 17:01:43.431, 1114416598202, vstest.console.dll, TestRunRequest:SendTestRunMessage: Starting.
TpTrace Information: 0 : 3332, 11, 2022/04/03, 17:01:43.431, 1114416598446, vstest.console.dll, TestRunRequest:SendTestRunMessage: Completed.
TpTrace Verbose: 0 : 3332, 11, 2022/04/03, 17:01:43.431, 1114416598654, vstest.console.dll, TcpClientExtensions.MessageLoopAsync: Polling on remoteEndPoint: 127.0.0.1:51544 localEndPoint: 127.0.0.1:51543
TpTrace Verbose: 0 : 3332, 11, 2022/04/03, 17:01:43.431, 1114416598875, vstest.console.dll, TcpClientExtensions.MessageLoopAsync: NotifyDataAvailable remoteEndPoint: 127.0.0.1:51544 localEndPoint: 127.0.0.1:51543
TpTrace Verbose: 0 : 3332, 11, 2022/04/03, 17:01:43.431, 1114416599138, vstest.console.dll, TestRequestSender.OnExecutionMessageReceived: Received message: {"Version":5,"MessageType":"TestSession.Message","Payload":{"MessageLevel":0,"Message":"[xUnit.net 00:00:01.48]            at FluentAssertions.Execution.AssertionScope.FailWith(Func`1 failReasonFunc)"}}
TpTrace Verbose: 0 : 3332, 11, 2022/04/03, 17:01:43.431, 1114416599665, vstest.console.dll, TestRunRequest:SendTestRunMessage: Starting.
TpTrace Information: 0 : 3332, 11, 2022/04/03, 17:01:43.431, 1114416599935, vstest.console.dll, TestRunRequest:SendTestRunMessage: Completed.
TpTrace Verbose: 0 : 3332, 11, 2022/04/03, 17:01:43.431, 1114416600179, vstest.console.dll, TcpClientExtensions.MessageLoopAsync: Polling on remoteEndPoint: 127.0.0.1:51544 localEndPoint: 127.0.0.1:51543
TpTrace Verbose: 0 : 3332, 11, 2022/04/03, 17:01:43.431, 1114416600401, vstest.console.dll, TcpClientExtensions.MessageLoopAsync: NotifyDataAvailable remoteEndPoint: 127.0.0.1:51544 localEndPoint: 127.0.0.1:51543
TpTrace Verbose: 0 : 3332, 11, 2022/04/03, 17:01:43.431, 1114416600692, vstest.console.dll, TestRequestSender.OnExecutionMessageReceived: Received message: {"Version":5,"MessageType":"TestSession.Message","Payload":{"MessageLevel":0,"Message":"[xUnit.net 00:00:01.48]            at FluentAssertions.Execution.AssertionScope.FailWith(String message, Object[] args)"}}
TpTrace Verbose: 0 : 3332, 11, 2022/04/03, 17:01:43.431, 1114416601454, vstest.console.dll, TestRunRequest:SendTestRunMessage: Starting.
TpTrace Information: 0 : 3332, 11, 2022/04/03, 17:01:43.431, 1114416601717, vstest.console.dll, TestRunRequest:SendTestRunMessage: Completed.
TpTrace Verbose: 0 : 3332, 11, 2022/04/03, 17:01:43.431, 1114416601912, vstest.console.dll, TcpClientExtensions.MessageLoopAsync: Polling on remoteEndPoint: 127.0.0.1:51544 localEndPoint: 127.0.0.1:51543
TpTrace Verbose: 0 : 3332, 11, 2022/04/03, 17:01:43.431, 1114416602142, vstest.console.dll, TcpClientExtensions.MessageLoopAsync: NotifyDataAvailable remoteEndPoint: 127.0.0.1:51544 localEndPoint: 127.0.0.1:51543
TpTrace Verbose: 0 : 3332, 11, 2022/04/03, 17:01:43.431, 1114416602419, vstest.console.dll, TestRequestSender.OnExecutionMessageReceived: Received message: {"Version":5,"MessageType":"TestSession.Message","Payload":{"MessageLevel":0,"Message":"[xUnit.net 00:00:01.48]            at FluentAssertions.Execution.GivenSelector`1.FailWith(String message, Object[] args)"}}
TpTrace Verbose: 0 : 3332, 11, 2022/04/03, 17:01:43.431, 1114416602926, vstest.console.dll, TestRunRequest:SendTestRunMessage: Starting.
TpTrace Information: 0 : 3332, 11, 2022/04/03, 17:01:43.431, 1114416603191, vstest.console.dll, TestRunRequest:SendTestRunMessage: Completed.
TpTrace Verbose: 0 : 3332, 11, 2022/04/03, 17:01:43.431, 1114416603385, vstest.console.dll, TcpClientExtensions.MessageLoopAsync: Polling on remoteEndPoint: 127.0.0.1:51544 localEndPoint: 127.0.0.1:51543
TpTrace Verbose: 0 : 3332, 11, 2022/04/03, 17:01:43.431, 1114416603608, vstest.console.dll, TcpClientExtensions.MessageLoopAsync: NotifyDataAvailable remoteEndPoint: 127.0.0.1:51544 localEndPoint: 127.0.0.1:51543
TpTrace Verbose: 0 : 3332, 11, 2022/04/03, 17:01:43.432, 1114416603884, vstest.console.dll, TestRequestSender.OnExecutionMessageReceived: Received message: {"Version":5,"MessageType":"TestSession.Message","Payload":{"MessageLevel":0,"Message":"[xUnit.net 00:00:01.48]            at FluentAssertions.Execution.GivenSelector`1.FailWith(String message, Func`2[] args)"}}
TpTrace Verbose: 0 : 3332, 11, 2022/04/03, 17:01:43.432, 1114416604404, vstest.console.dll, TestRunRequest:SendTestRunMessage: Starting.
TpTrace Information: 0 : 3332, 11, 2022/04/03, 17:01:43.432, 1114416604672, vstest.console.dll, TestRunRequest:SendTestRunMessage: Completed.
TpTrace Verbose: 0 : 3332, 11, 2022/04/03, 17:01:43.432, 1114416604866, vstest.console.dll, TcpClientExtensions.MessageLoopAsync: Polling on remoteEndPoint: 127.0.0.1:51544 localEndPoint: 127.0.0.1:51543
TpTrace Verbose: 0 : 3332, 11, 2022/04/03, 17:01:43.432, 1114416605098, vstest.console.dll, TcpClientExtensions.MessageLoopAsync: NotifyDataAvailable remoteEndPoint: 127.0.0.1:51544 localEndPoint: 127.0.0.1:51543
TpTrace Verbose: 0 : 3332, 11, 2022/04/03, 17:01:43.432, 1114416605394, vstest.console.dll, TestRequestSender.OnExecutionMessageReceived: Received message: {"Version":5,"MessageType":"TestSession.Message","Payload":{"MessageLevel":0,"Message":"[xUnit.net 00:00:01.48]            at FluentAssertions.Collections.GenericCollectionAssertions`3.OnlyContain(Expression`1 predicate, String because, Object[] becauseArgs)"}}
TpTrace Verbose: 0 : 3332, 11, 2022/04/03, 17:01:43.432, 1114416605958, vstest.console.dll, TestRunRequest:SendTestRunMessage: Starting.
TpTrace Information: 0 : 3332, 11, 2022/04/03, 17:01:43.432, 1114416606276, vstest.console.dll, TestRunRequest:SendTestRunMessage: Completed.
TpTrace Verbose: 0 : 3332, 11, 2022/04/03, 17:01:43.432, 1114416606486, vstest.console.dll, TcpClientExtensions.MessageLoopAsync: Polling on remoteEndPoint: 127.0.0.1:51544 localEndPoint: 127.0.0.1:51543
TpTrace Verbose: 0 : 3332, 11, 2022/04/03, 17:01:43.432, 1114416606722, vstest.console.dll, TcpClientExtensions.MessageLoopAsync: NotifyDataAvailable remoteEndPoint: 127.0.0.1:51544 localEndPoint: 127.0.0.1:51543
TpTrace Verbose: 0 : 3332, 11, 2022/04/03, 17:01:43.432, 1114416607038, vstest.console.dll, TestRequestSender.OnExecutionMessageReceived: Received message: {"Version":5,"MessageType":"TestSession.Message","Payload":{"MessageLevel":0,"Message":"[xUnit.net 00:00:01.48]         C:\\Users\\hp\\Documents\\KeepingUpWithCSharp\\Rest API - Catalogue\\Catalogue.UnitTests\\ItemsControllerTest.cs(102,0): at Catalogue.UnitTests.ItemsControllerTest.GetItemsAsync_WithMatchingItems_ReturnsMatchingItems()"}}
TpTrace Verbose: 0 : 3332, 11, 2022/04/03, 17:01:43.432, 1114416607647, vstest.console.dll, TestRunRequest:SendTestRunMessage: Starting.
TpTrace Information: 0 : 3332, 11, 2022/04/03, 17:01:43.432, 1114416607923, vstest.console.dll, TestRunRequest:SendTestRunMessage: Completed.
TpTrace Verbose: 0 : 3332, 11, 2022/04/03, 17:01:43.432, 1114416608118, vstest.console.dll, TcpClientExtensions.MessageLoopAsync: Polling on remoteEndPoint: 127.0.0.1:51544 localEndPoint: 127.0.0.1:51543
TpTrace Verbose: 0 : 3332, 11, 2022/04/03, 17:01:43.432, 1114416608341, vstest.console.dll, TcpClientExtensions.MessageLoopAsync: NotifyDataAvailable remoteEndPoint: 127.0.0.1:51544 localEndPoint: 127.0.0.1:51543
TpTrace Verbose: 0 : 3332, 11, 2022/04/03, 17:01:43.432, 1114416608704, vstest.console.dll, TestRequestSender.OnExecutionMessageReceived: Received message: {"Version":5,"MessageType":"TestSession.Message","Payload":{"MessageLevel":0,"Message":"[xUnit.net 00:00:01.48]         --- End of stack trace from previous location ---"}}
TpTrace Verbose: 0 : 3332, 11, 2022/04/03, 17:01:43.432, 1114416609241, vstest.console.dll, TestRunRequest:SendTestRunMessage: Starting.
TpTrace Information: 0 : 3332, 11, 2022/04/03, 17:01:43.432, 1114416609522, vstest.console.dll, TestRunRequest:SendTestRunMessage: Completed.
TpTrace Verbose: 0 : 3332, 11, 2022/04/03, 17:01:43.432, 1114416609719, vstest.console.dll, TcpClientExtensions.MessageLoopAsync: Polling on remoteEndPoint: 127.0.0.1:51544 localEndPoint: 127.0.0.1:51543
TpTrace Verbose: 0 : 3332, 11, 2022/04/03, 17:01:43.440, 1114416691504, vstest.console.dll, TcpClientExtensions.MessageLoopAsync: NotifyDataAvailable remoteEndPoint: 127.0.0.1:51544 localEndPoint: 127.0.0.1:51543
TpTrace Verbose: 0 : 3332, 11, 2022/04/03, 17:01:43.440, 1114416692998, vstest.console.dll, TestRequestSender.OnExecutionMessageReceived: Received message: {"Version":5,"MessageType":"TestSession.Message","Payload":{"MessageLevel":0,"Message":"[xUnit.net 00:00:01.50]   Finished:    Catalogue.UnitTests"}}
TpTrace Verbose: 0 : 3332, 11, 2022/04/03, 17:01:43.441, 1114416694444, vstest.console.dll, TestRunRequest:SendTestRunMessage: Starting.
TpTrace Information: 0 : 3332, 11, 2022/04/03, 17:01:43.441, 1114416694910, vstest.console.dll, TestRunRequest:SendTestRunMessage: Completed.
TpTrace Verbose: 0 : 3332, 11, 2022/04/03, 17:01:43.441, 1114416695341, vstest.console.dll, TcpClientExtensions.MessageLoopAsync: Polling on remoteEndPoint: 127.0.0.1:51544 localEndPoint: 127.0.0.1:51543
TpTrace Verbose: 0 : 3332, 11, 2022/04/03, 17:01:43.458, 1114416868874, vstest.console.dll, TcpClientExtensions.MessageLoopAsync: NotifyDataAvailable remoteEndPoint: 127.0.0.1:51544 localEndPoint: 127.0.0.1:51543
TpTrace Verbose: 0 : 3332, 11, 2022/04/03, 17:01:43.458, 1114416870784, vstest.console.dll, TestRequestSender.OnExecutionMessageReceived: Received message: {"Version":5,"MessageType":"TestExecution.Completed","Payload":{"TestRunCompleteArgs":{"TestRunStatistics":{"ExecutedTests":7,"Stats":{"Passed":6,"Failed":1}},"IsCanceled":false,"IsAborted":false,"Error":null,"AttachmentSets":[],"ElapsedTimeInRunningTests":"00:00:01.5280433","Metrics":{}},"LastRunTests":{"NewTestResults":[{"TestCase":{"Id":"a76647c7-f1a0-0090-d489-6230c7f12545","FullyQualifiedName":"Catalogue.UnitTests.ItemsControllerTest.GetItemsAsync_WithMatchingItems_ReturnsMatchingItems","DisplayName":"Catalogue.UnitTests.ItemsControllerTest.GetItemsAsync_WithMatchingItems_ReturnsMatchingItems","ExecutorUri":"executor://xunit/VsTestRunner2/netcoreapp","Source":"C:\\Users\\hp\\Documents\\KeepingUpWithCSharp\\Rest API - Catalogue\\Catalogue.UnitTests\\bin\\Debug\\net5.0\\fine-code-coverage\\build-output\\Catalogue.UnitTests.dll","CodeFilePath":null,"LineNumber":0,"Properties":[]},"Attachments":[],"Outcome":2,"ErrorMessage":"Expected foundItems to contain only items matching ((item.Name == value(Catalogue.UnitTests.ItemsControllerTest+<>c__DisplayClass6_0).allItems[0].Name) OrElse (item.Name == value(Catalogue.UnitTests.ItemsControllerTest+<>c__DisplayClass6_0).allItems[2].Name)), but {ItemDto { Id = 00000000-0000-0000-0000-000000000000, Name = Antidote, Description = , Price = 0, CreatedDate = 01/01/0001 00:00:00 +00:00 }} do(es) not match.","ErrorStackTrace":"   at FluentAssertions.Execution.XUnit2TestFramework.Throw(String message)\r\n   at FluentAssertions.Execution.TestFrameworkProvider.Throw(String message)\r\n   at FluentAssertions.Execution.DefaultAssertionStrategy.HandleFailure(String message)\r\n   at FluentAssertions.Execution.AssertionScope.FailWith(Func`1 failReasonFunc)\r\n   at FluentAssertions.Execution.AssertionScope.FailWith(Func`1 failReasonFunc)\r\n   at FluentAssertions.Execution.AssertionScope.FailWith(String message, Object[] args)\r\n   at FluentAssertions.Execution.GivenSelector`1.FailWith(String message, Object[] args)\r\n   at FluentAssertions.Execution.GivenSelector`1.FailWith(String message, Func`2[] args)\r\n   at FluentAssertions.Collections.GenericCollectionAssertions`3.OnlyContain(Expression`1 predicate, String because, Object[] becauseArgs)\r\n   at Catalogue.UnitTests.ItemsControllerTest.GetItemsAsync_WithMatchingItems_ReturnsMatchingItems() in C:\\Users\\hp\\Documents\\KeepingUpWithCSharp\\Rest API - Catalogue\\Catalogue.UnitTests\\ItemsControllerTest.cs:line 102\r\n--- End of stack trace from previous location ---","DisplayName":"Catalogue.UnitTests.ItemsControllerTest.GetItemsAsync_WithMatchingItems_ReturnsMatchingItems","Messages":[],"ComputerName":"LAPTOP-0VSJ0RU3","Duration":"00:00:00.1607503","StartTime":"2022-04-03T16:01:43.4135218+00:00","EndTime":"2022-04-03T16:01:43.413523+00:00","Properties":[]},{"TestCase":{"Id":"95ca1c75-cd09-b041-828b-3acbe583ef7e","FullyQualifiedName":"Catalogue.UnitTests.ItemsControllerTest.GetItemAsync_WithUnexistingItem_ReturnsNotFound","DisplayName":"Catalogue.UnitTests.ItemsControllerTest.GetItemAsync_WithUnexistingItem_ReturnsNotFound","ExecutorUri":"executor://xunit/VsTestRunner2/netcoreapp","Source":"C:\\Users\\hp\\Documents\\KeepingUpWithCSharp\\Rest API - Catalogue\\Catalogue.UnitTests\\bin\\Debug\\net5.0\\fine-code-coverage\\build-output\\Catalogue.UnitTests.dll","CodeFilePath":null,"LineNumber":0,"Properties":[]},"Attachments":[],"Outcome":1,"ErrorMessage":null,"ErrorStackTrace":null,"DisplayName":"Catalogue.UnitTests.ItemsControllerTest.GetItemAsync_WithUnexistingItem_ReturnsNotFound","Messages":[],"ComputerName":"LAPTOP-0VSJ0RU3","Duration":"00:00:00.0016149","StartTime":"2022-04-03T16:01:43.4162922+00:00","EndTime":"2022-04-03T16:01:43.4162934+00:00","Properties":[]},{"TestCase":{"Id":"9233cf7c-dc71-0311-e957-72172720ab85","FullyQualifiedName":"Catalogue.UnitTests.ItemsControllerTest.CreateItemAsync_WithItemToCreate_ReturnsCreatedItem","DisplayName":"Catalogue.UnitTests.ItemsControllerTest.CreateItemAsync_WithItemToCreate_ReturnsCreatedItem","ExecutorUri":"executor://xunit/VsTestRunner2/netcoreapp","Source":"C:\\Users\\hp\\Documents\\KeepingUpWithCSharp\\Rest API - Catalogue\\Catalogue.UnitTests\\bin\\Debug\\net5.0\\fine-code-coverage\\build-output\\Catalogue.UnitTests.dll","CodeFilePath":null,"LineNumber":0,"Properties":[]},"Attachments":[],"Outcome":1,"ErrorMessage":null,"ErrorStackTrace":null,"DisplayName":"Catalogue.UnitTests.ItemsControllerTest.CreateItemAsync_WithItemToCreate_ReturnsCreatedItem","Messages":[],"ComputerName":"LAPTOP-0VSJ0RU3","Duration":"00:00:00.0120500","StartTime":"2022-04-03T16:01:43.4185085+00:00","EndTime":"2022-04-03T16:01:43.41851+00:00","Properties":[]},{"TestCase":{"Id":"ce10b288-54dc-4189-2225-7f25947ca772","FullyQualifiedName":"Catalogue.UnitTests.ItemsControllerTest.GetItemsAsync_WithExistingItems_ReturnsAllItems","DisplayName":"Catalogue.UnitTests.ItemsControllerTest.GetItemsAsync_WithExistingItems_ReturnsAllItems","ExecutorUri":"executor://xunit/VsTestRunner2/netcoreapp","Source":"C:\\Users\\hp\\Documents\\KeepingUpWithCSharp\\Rest API - Catalogue\\Catalogue.UnitTests\\bin\\Debug\\net5.0\\fine-code-coverage\\build-output\\Catalogue.UnitTests.dll","CodeFilePath":null,"LineNumber":0,"Properties":[]},"Attachments":[],"Outcome":1,"ErrorMessage":null,"ErrorStackTrace":null,"DisplayName":"Catalogue.UnitTests.ItemsControllerTest.GetItemsAsync_WithExistingItems_ReturnsAllItems","Messages":[],"ComputerName":"LAPTOP-0VSJ0RU3","Duration":"00:00:00.0183582","StartTime":"2022-04-03T16:01:43.4333957+00:00","EndTime":"2022-04-03T16:01:43.4333978+00:00","Properties":[]}],"TestRunStatistics":{"ExecutedTests":7,"Stats":{"Passed":6,"Failed":1}},"ActiveTests":[]},"RunAttachments":[],"ExecutorUris":["executor://xunit/VsTestRunner2/netcoreapp"]}}
TpTrace Verbose: 0 : 3332, 11, 2022/04/03, 17:01:43.458, 1114416873602, vstest.console.dll, TestRequestSender.EndSession: Sending end session.
TpTrace Verbose: 0 : 3332, 11, 2022/04/03, 17:01:43.459, 1114416874773, vstest.console.dll, ProxyOperationManager.Close: waiting for test host to exit for 100 ms
TpTrace Warning: 0 : 3332, 7, 2022/04/03, 17:01:43.486, 1114417147463, vstest.console.dll, TestHostManagerCallbacks.ErrorReceivedCallback Test host standard error line: 
TpTrace Verbose: 0 : 3332, 8, 2022/04/03, 17:01:43.503, 1114417313765, vstest.console.dll, TestHostProvider.ExitCallBack: Host exited starting callback.
TpTrace Information: 0 : 3332, 8, 2022/04/03, 17:01:43.503, 1114417319634, vstest.console.dll, TestHostManagerCallbacks.ExitCallBack: Testhost processId: 21732 exited with exitcode: 0 error: ''
TpTrace Verbose: 0 : 3332, 8, 2022/04/03, 17:01:43.503, 1114417320178, vstest.console.dll, DotnetTestHostManager.OnHostExited: invoking OnHostExited callback
TpTrace Verbose: 0 : 3332, 8, 2022/04/03, 17:01:43.503, 1114417320602, vstest.console.dll, CrossPlatEngine.TestHostManagerHostExited: calling on client process exit callback.
TpTrace Information: 0 : 3332, 8, 2022/04/03, 17:01:43.503, 1114417321109, vstest.console.dll, TestRequestSender.OnClientProcessExit: Test host process exited. Standard error: 
TpTrace Warning: 0 : 3332, 11, 2022/04/03, 17:01:43.503, 1114417321209, vstest.console.dll, ProxyOperationManager: Timed out waiting for test host to exit. Will terminate process.
TpTrace Information: 0 : 3332, 8, 2022/04/03, 17:01:43.503, 1114417321399, vstest.console.dll, SocketServer.Stop: Stop server endPoint: 127.0.0.1:51543
TpTrace Information: 0 : 3332, 8, 2022/04/03, 17:01:43.503, 1114417323500, vstest.console.dll, SocketServer.Stop: Cancellation requested. Stopping message loop.
TpTrace Verbose: 0 : 3332, 11, 2022/04/03, 17:01:43.504, 1114417328160, vstest.console.dll, ProxyDataCollectionManager.InvokeDataCollectionServiceAction: Starting.
TpTrace Information: 0 : 3332, 11, 2022/04/03, 17:01:43.504, 1114417328624, vstest.console.dll, ProxyDataCollectionManager.AfterTestRunEnd: Get attachment set for datacollector processId: 30936 port: 51540
TpTrace Verbose: 0 : 3332, 11, 2022/04/03, 17:01:43.504, 1114417329004, vstest.console.dll, DataCollectionRequestSender.SendAfterTestRunStartAndGetResult : Send AfterTestRunEnd message with isCancelled: False
TpTrace Verbose: 0 : 3332, 11, 2022/04/03, 17:01:43.508, 1114417373724, vstest.console.dll, DataCollectionRequestSender.SendAfterTestRunStartAndGetResult : Received message: (DataCollection.AfterTestRunEndResult) -> {
  "AttachmentSets": [],
  "Metrics": {}
}
TpTrace Information: 0 : 3332, 11, 2022/04/03, 17:01:43.513, 1114417420505, vstest.console.dll, ProxyDataCollectionManager.InvokeDataCollectionServiceAction: Completed.
TpTrace Warning: 0 : 3332, 10, 2022/04/03, 17:01:43.516, 1114417447900, vstest.console.dll, DataCollectionLauncher.ErrorReceivedCallback datacollector standard error line: 
TpTrace Information: 0 : 3332, 8, 2022/04/03, 17:01:43.522, 1114417505027, vstest.console.dll, DataCollectionLauncher.ExitCallBack: Data collector exited with exitcode: 0 error: ''
TpTrace Verbose: 0 : 3332, 11, 2022/04/03, 17:01:43.533, 1114417622032, vstest.console.dll, TestRunRequest:SendTestRunStatsChange: Starting.
TpTrace Information: 0 : 3332, 11, 2022/04/03, 17:01:43.533, 1114417623278, vstest.console.dll, TestRunRequest:SendTestRunStatsChange: Completed.
TpTrace Verbose: 0 : 3332, 11, 2022/04/03, 17:01:43.534, 1114417624873, vstest.console.dll, ParallelProxyExecutionManager: HandlePartialRunComplete: Total completed clients = 1, Run complete = True, Run canceled: False.
TpTrace Verbose: 0 : 3332, 11, 2022/04/03, 17:01:43.555, 1114417840818, vstest.console.dll, TestRunRequest:TestRunComplete: Starting. IsAborted:False IsCanceled:False.
TpTrace Verbose: 0 : 3332, 11, 2022/04/03, 17:01:43.555, 1114417842859, vstest.console.dll, TestLoggerManager.HandleTestRunComplete: Ignoring as the object is disposed.
TpTrace Information: 0 : 3332, 11, 2022/04/03, 17:01:43.556, 1114417846817, vstest.console.dll, TestRunRequest:TestRunComplete: Completed.
TpTrace Verbose: 0 : 3332, 1, 2022/04/03, 17:01:43.556, 1114417847198, vstest.console.dll, TestRunRequest.Dispose: Starting.
TpTrace Verbose: 0 : 3332, 11, 2022/04/03, 17:01:43.556, 1114417847494, vstest.console.dll, TestRequestSender.SetOperationComplete: Setting operation complete.
TpTrace Information: 0 : 3332, 1, 2022/04/03, 17:01:43.556, 1114417848380, vstest.console.dll, TestRunRequest.Dispose: Completed.
TpTrace Information: 0 : 3332, 11, 2022/04/03, 17:01:43.556, 1114417849081, vstest.console.dll, SocketServer.Stop: Stop server endPoint: 127.0.0.1:51543
TpTrace Information: 0 : 3332, 11, 2022/04/03, 17:01:43.556, 1114417849593, vstest.console.dll, SocketServer.Stop: Cancellation requested. Stopping message loop.
TpTrace Information: 0 : 3332, 1, 2022/04/03, 17:01:43.556, 1114417849915, vstest.console.dll, TestRequestManager.RunTests: run tests completed.
TpTrace Information: 0 : 3332, 11, 2022/04/03, 17:01:43.556, 1114417850225, vstest.console.dll, SocketServer.PrivateStop: Stopping server endPoint: 127.0.0.1:51543 error: 
TpTrace Information: 0 : 3332, 1, 2022/04/03, 17:01:43.556, 1114417850831, vstest.console.dll, RunTestsArgumentProcessor:Execute: Test run is completed.
TpTrace Verbose: 0 : 3332, 1, 2022/04/03, 17:01:43.556, 1114417853191, vstest.console.dll, Executor.Execute: Exiting with exit code of 1
TpTrace Verbose: 0 : 3332, 11, 2022/04/03, 17:01:43.557, 1114417857681, vstest.console.dll, LengthPrefixCommunicationChannel.Dispose: Dispose reader and writer.
TpTrace Information: 0 : 3332, 11, 2022/04/03, 17:01:43.557, 1114417858730, vstest.console.dll, SocketServer.Stop: Raise disconnected event endPoint: 127.0.0.1:51543 error: 
TpTrace Verbose: 0 : 3332, 11, 2022/04/03, 17:01:43.557, 1114417859499, vstest.console.dll, TestRequestSender: OnTestRunAbort: Operation is already complete. Skip error message.
TpTrace Verbose: 0 : 3332, 11, 2022/04/03, 17:01:43.557, 1114417859808, vstest.console.dll, TcpClientExtensions.MessageLoopAsync: exiting MessageLoopAsync remoteEndPoint: 127.0.0.1:51544 localEndPoint: 127.0.0.1:51543
